#
# There is insufficient memory for the Java Runtime Environment to continue.
# Native memory allocation (malloc) failed to allocate 628176 bytes for Chunk::new
# Possible reasons:
#   The system is out of physical RAM or swap space
#   The process is running with CompressedOops enabled, and the Java Heap may be blocking the growth of the native heap
# Possible solutions:
#   Reduce memory load on the system
#   Increase physical memory or swap space
#   Check if swap backing store is full
#   Decrease Java heap size (-Xmx/-Xms)
#   Decrease number of Java threads
#   Decrease Java thread stack sizes (-Xss)
#   Set larger code cache with -XX:ReservedCodeCacheSize=
#   JVM is running with Zero Based Compressed Oops mode in which the Java heap is
#     placed in the first 32GB address space. The Java Heap base address is the
#     maximum limit for the native heap growth. Please use -XX:HeapBaseMinAddress
#     to set the Java Heap base and to place the Java Heap above 32GB virtual address.
# This output file may be truncated or incomplete.
#
#  Out of Memory Error (./src/hotspot/share/memory/arena.cpp:197), pid=7932, tid=13688
#
# JRE version: OpenJDK Runtime Environment Microsoft-7208460 (11.0.18+10) (build 11.0.18+10-LTS)
# Java VM: OpenJDK 64-Bit Server VM Microsoft-7208460 (11.0.18+10-LTS, mixed mode, tiered, compressed oops, g1 gc, windows-amd64)
# No core dump will be written. Minidumps are not enabled by default on client versions of Windows
#

---------------  S U M M A R Y ------------

Command Line: org.jetbrains.kotlin.cli.jvm.K2JVMCompiler @D:\Travel-App\node_modules\react-native-gradle-plugin\build\20230715_9468651044810052895.compiler.options

Host: AMD Ryzen 7 5800H with Radeon Graphics         , 16 cores, 13G,  Windows 11 , 64 bit Build 22621 (10.0.22621.1778)
Time: Sat Jul 15 11:26:11 2023 India Standard Time elapsed time: 3.617443 seconds (0d 0h 0m 3s)

---------------  T H R E A D  ---------------

Current thread (0x000001a64b647800):  JavaThread "C2 CompilerThread0" daemon [_thread_in_native, id=13688, stack(0x00000067a1c00000,0x00000067a1d00000)]


Current CompileTask:
C2:   3617 2832       4       java.util.stream.StreamSpliterators$AbstractWrappingSpliterator::fillBuffer (64 bytes)

Stack: [0x00000067a1c00000,0x00000067a1d00000]
Native frames: (J=compiled Java code, j=interpreted, Vv=VM code, C=native code)
V  [jvm.dll+0x62bf8a]
V  [jvm.dll+0x7b8fb9]
V  [jvm.dll+0x7ba6a8]
V  [jvm.dll+0x7bad83]
V  [jvm.dll+0x250248]
V  [jvm.dll+0xc260c]
V  [jvm.dll+0xc2bcc]
V  [jvm.dll+0x35e1c7]
V  [jvm.dll+0x32a373]
V  [jvm.dll+0x3296aa]
V  [jvm.dll+0x2093b3]
V  [jvm.dll+0x20850d]
V  [jvm.dll+0x18a4b1]
V  [jvm.dll+0x217eec]
V  [jvm.dll+0x21612b]
V  [jvm.dll+0x77bac0]
V  [jvm.dll+0x7749f4]
V  [jvm.dll+0x62adf5]
C  [ucrtbase.dll+0x29363]
C  [KERNEL32.DLL+0x126ad]
C  [ntdll.dll+0x5a9f8]


---------------  P R O C E S S  ---------------

Threads class SMR info:
_java_thread_list=0x000001a64cbcbe40, length=19, elements={
0x000001a6278ef800, 0x000001a64ad88800, 0x000001a64adb4000, 0x000001a64b69e800,
0x000001a64b69f800, 0x000001a64b6a1000, 0x000001a64b647800, 0x000001a64b656000,
0x000001a64b6b1000, 0x000001a64b824000, 0x000001a64b846800, 0x000001a64bde4000,
0x000001a64bde5000, 0x000001a64bddf000, 0x000001a64bde2800, 0x000001a64bde1800,
0x000001a64bde3000, 0x000001a64bde0800, 0x000001a64bddf800
}

Java Threads: ( => current thread )
  0x000001a6278ef800 JavaThread "main" [_thread_in_native, id=8972, stack(0x00000067a1000000,0x00000067a1100000)]
  0x000001a64ad88800 JavaThread "Reference Handler" daemon [_thread_blocked, id=23504, stack(0x00000067a1700000,0x00000067a1800000)]
  0x000001a64adb4000 JavaThread "Finalizer" daemon [_thread_blocked, id=13796, stack(0x00000067a1800000,0x00000067a1900000)]
  0x000001a64b69e800 JavaThread "Signal Dispatcher" daemon [_thread_blocked, id=19060, stack(0x00000067a1900000,0x00000067a1a00000)]
  0x000001a64b69f800 JavaThread "Attach Listener" daemon [_thread_blocked, id=16984, stack(0x00000067a1a00000,0x00000067a1b00000)]
  0x000001a64b6a1000 JavaThread "Service Thread" daemon [_thread_blocked, id=8988, stack(0x00000067a1b00000,0x00000067a1c00000)]
=>0x000001a64b647800 JavaThread "C2 CompilerThread0" daemon [_thread_in_native, id=13688, stack(0x00000067a1c00000,0x00000067a1d00000)]
  0x000001a64b656000 JavaThread "C1 CompilerThread0" daemon [_thread_blocked, id=23616, stack(0x00000067a1d00000,0x00000067a1e00000)]
  0x000001a64b6b1000 JavaThread "Sweeper thread" daemon [_thread_blocked, id=22776, stack(0x00000067a1e00000,0x00000067a1f00000)]
  0x000001a64b824000 JavaThread "C1 CompilerThread1" daemon [_thread_blocked, id=6196, stack(0x00000067a1f00000,0x00000067a2000000)]
  0x000001a64b846800 JavaThread "Common-Cleaner" daemon [_thread_blocked, id=23644, stack(0x00000067a2100000,0x00000067a2200000)]
  0x000001a64bde4000 JavaThread "C1 CompilerThread2" daemon [_thread_blocked, id=12880, stack(0x00000067a2400000,0x00000067a2500000)]
  0x000001a64bde5000 JavaThread "C1 CompilerThread3" daemon [_thread_blocked, id=24284, stack(0x00000067a2500000,0x00000067a2600000)]
  0x000001a64bddf000 JavaThread "C2 CompilerThread1" daemon [_thread_in_native, id=13028, stack(0x00000067a2200000,0x00000067a2300000)]
  0x000001a64bde2800 JavaThread "C2 CompilerThread2" daemon [_thread_in_native, id=2324, stack(0x00000067a2b00000,0x00000067a2c00000)]
  0x000001a64bde1800 JavaThread "C2 CompilerThread3" daemon [_thread_in_native, id=19192, stack(0x00000067a2c00000,0x00000067a2d00000)]
  0x000001a64bde3000 JavaThread "C2 CompilerThread4" daemon [_thread_in_native, id=11044, stack(0x00000067a2d00000,0x00000067a2e00000)]
  0x000001a64bde0800 JavaThread "C2 CompilerThread5" daemon [_thread_in_native, id=5104, stack(0x00000067a2e00000,0x00000067a2f00000)]
  0x000001a64bddf800 JavaThread "C2 CompilerThread6" daemon [_thread_in_native, id=20660, stack(0x00000067a2f00000,0x00000067a3000000)]

Other Threads:
  0x000001a64ad86800 VMThread "VM Thread" [stack: 0x00000067a1600000,0x00000067a1700000] [id=24100]
  0x000001a64b83b000 WatcherThread [stack: 0x00000067a2000000,0x00000067a2100000] [id=412]
  0x000001a627907000 GCTaskThread "GC Thread#0" [stack: 0x00000067a1100000,0x00000067a1200000] [id=10796]
  0x000001a64c006800 GCTaskThread "GC Thread#1" [stack: 0x00000067a2300000,0x00000067a2400000] [id=15644]
  0x000001a64c010000 GCTaskThread "GC Thread#2" [stack: 0x00000067a2600000,0x00000067a2700000] [id=15040]
  0x000001a64c011000 GCTaskThread "GC Thread#3" [stack: 0x00000067a2700000,0x00000067a2800000] [id=16748]
  0x000001a64c011800 GCTaskThread "GC Thread#4" [stack: 0x00000067a2800000,0x00000067a2900000] [id=24380]
  0x000001a62795b800 ConcurrentGCThread "G1 Main Marker" [stack: 0x00000067a1200000,0x00000067a1300000] [id=6952]
  0x000001a62795d800 ConcurrentGCThread "G1 Conc#0" [stack: 0x00000067a1300000,0x00000067a1400000] [id=22868]
  0x000001a64c219800 ConcurrentGCThread "G1 Conc#1" [stack: 0x00000067a2900000,0x00000067a2a00000] [id=5040]
  0x000001a64c908800 ConcurrentGCThread "G1 Conc#2" [stack: 0x00000067a2a00000,0x00000067a2b00000] [id=23300]
  0x000001a64ac72800 ConcurrentGCThread "G1 Refine#0" [stack: 0x00000067a1400000,0x00000067a1500000] [id=17624]
  0x000001a64c9cc000 ConcurrentGCThread "G1 Refine#1" [stack: 0x00000067a3100000,0x00000067a3200000] [id=11876]
  0x000001a64ef48800 ConcurrentGCThread "G1 Refine#2" [stack: 0x00000067a3200000,0x00000067a3300000] [id=17576]
  0x000001a64ac76000 ConcurrentGCThread "G1 Young RemSet Sampling" [stack: 0x00000067a1500000,0x00000067a1600000] [id=21616]

Threads with active compile tasks:
C2 CompilerThread0     3644 2832       4       java.util.stream.StreamSpliterators$AbstractWrappingSpliterator::fillBuffer (64 bytes)
C2 CompilerThread1     3644 2828   !   4       jdk.internal.jrtfs.JrtDirectoryStream$1::hasNext (41 bytes)
C2 CompilerThread2     3644 2830       4       java.util.stream.StreamSpliterators$WrappingSpliterator::tryAdvance (36 bytes)
C2 CompilerThread3     3644 2831       4       java.util.stream.StreamSpliterators$AbstractWrappingSpliterator::doAdvance (106 bytes)
C2 CompilerThread4     3644 2632   !   4       java.net.URL::<init> (543 bytes)
C2 CompilerThread5     3644 2826       4       java.util.ArrayList$ArrayListSpliterator::tryAdvance (79 bytes)
C2 CompilerThread6     3645 2827       4       java.util.Spliterators$1Adapter::hasNext (23 bytes)

VM state:not at safepoint (normal execution)

VM Mutex/Monitor currently owned by a thread: None

Heap address: 0x0000000722400000, size: 3548 MB, Compressed Oops mode: Zero based, Oop shift amount: 3
Narrow klass base: 0x0000000800000000, Narrow klass shift: 0
Compressed class space size: 1073741824 Address: 0x0000000800000000

Heap:
 garbage-first heap   total 227328K, used 56416K [0x0000000722400000, 0x0000000800000000)
  region size 1024K, 31 young (31744K), 3 survivors (3072K)
 Metaspace       used 32297K, capacity 32866K, committed 33152K, reserved 1079296K
  class space    used 3732K, capacity 3949K, committed 3968K, reserved 1048576K
Heap Regions: E=young(eden), S=young(survivor), O=old, HS=humongous(starts), HC=humongous(continues), CS=collection set, F=free, A=archive, TAMS=top-at-mark-start (previous, next)
|   0|0x0000000722400000, 0x0000000722500000, 0x0000000722500000|100%|HS|  |TAMS 0x0000000722500000, 0x0000000722400000| Complete 
|   1|0x0000000722500000, 0x0000000722600000, 0x0000000722600000|100%|HC|  |TAMS 0x0000000722600000, 0x0000000722500000| Complete 
|   2|0x0000000722600000, 0x0000000722700000, 0x0000000722700000|100%|HC|  |TAMS 0x0000000722700000, 0x0000000722600000| Complete 
|   3|0x0000000722700000, 0x0000000722800000, 0x0000000722800000|100%|HS|  |TAMS 0x0000000722700000, 0x0000000722700000| Complete 
|   4|0x0000000722800000, 0x0000000722900000, 0x0000000722900000|100%|HC|  |TAMS 0x0000000722800000, 0x0000000722800000| Complete 
|   5|0x0000000722900000, 0x0000000722a00000, 0x0000000722a00000|100%|HC|  |TAMS 0x0000000722900000, 0x0000000722900000| Complete 
|   6|0x0000000722a00000, 0x0000000722b00000, 0x0000000722b00000|100%| O|  |TAMS 0x0000000722a00000, 0x0000000722a00000| Untracked 
|   7|0x0000000722b00000, 0x0000000722c00000, 0x0000000722c00000|100%| O|  |TAMS 0x0000000722b00000, 0x0000000722b00000| Untracked 
|   8|0x0000000722c00000, 0x0000000722d00000, 0x0000000722d00000|100%| O|  |TAMS 0x0000000722c00000, 0x0000000722c00000| Untracked 
|   9|0x0000000722d00000, 0x0000000722e00000, 0x0000000722e00000|100%| O|  |TAMS 0x0000000722d00000, 0x0000000722d00000| Untracked 
|  10|0x0000000722e00000, 0x0000000722f00000, 0x0000000722f00000|100%| O|  |TAMS 0x0000000722e00000, 0x0000000722e00000| Untracked 
|  11|0x0000000722f00000, 0x0000000723000000, 0x0000000723000000|100%| O|  |TAMS 0x0000000722f00000, 0x0000000722f00000| Untracked 
|  12|0x0000000723000000, 0x0000000723100000, 0x0000000723100000|100%| O|  |TAMS 0x0000000723000000, 0x0000000723000000| Untracked 
|  13|0x0000000723100000, 0x0000000723200000, 0x0000000723200000|100%| O|  |TAMS 0x0000000723100000, 0x0000000723100000| Untracked 
|  14|0x0000000723200000, 0x0000000723300000, 0x0000000723300000|100%| O|  |TAMS 0x0000000723200000, 0x0000000723200000| Untracked 
|  15|0x0000000723300000, 0x0000000723318000, 0x0000000723400000|  9%| O|  |TAMS 0x0000000723300000, 0x0000000723300000| Untracked 
|  16|0x0000000723400000, 0x0000000723500000, 0x0000000723500000|100%|HS|  |TAMS 0x0000000723400000, 0x0000000723400000| Complete 
|  17|0x0000000723500000, 0x0000000723500000, 0x0000000723600000|  0%| F|  |TAMS 0x0000000723500000, 0x0000000723500000| Untracked 
|  18|0x0000000723600000, 0x0000000723700000, 0x0000000723700000|100%|HS|  |TAMS 0x0000000723600000, 0x0000000723600000| Complete 
|  19|0x0000000723700000, 0x0000000723800000, 0x0000000723800000|100%|HC|  |TAMS 0x0000000723700000, 0x0000000723700000| Complete 
|  20|0x0000000723800000, 0x0000000723900000, 0x0000000723900000|100%|HC|  |TAMS 0x0000000723800000, 0x0000000723800000| Complete 
|  21|0x0000000723900000, 0x0000000723a00000, 0x0000000723a00000|100%|HC|  |TAMS 0x0000000723900000, 0x0000000723900000| Complete 
|  22|0x0000000723a00000, 0x0000000723b00000, 0x0000000723b00000|100%|HC|  |TAMS 0x0000000723a00000, 0x0000000723a00000| Complete 
|  23|0x0000000723b00000, 0x0000000723c00000, 0x0000000723c00000|100%| O|  |TAMS 0x0000000723b00000, 0x0000000723b00000| Untracked 
|  24|0x0000000723c00000, 0x0000000723d00000, 0x0000000723d00000|100%| O|  |TAMS 0x0000000723c00000, 0x0000000723c00000| Untracked 
|  25|0x0000000723d00000, 0x0000000723e00000, 0x0000000723e00000|100%| O|  |TAMS 0x0000000723d00000, 0x0000000723d00000| Untracked 
|  26|0x0000000723e00000, 0x0000000723f00000, 0x0000000723f00000|100%| O|  |TAMS 0x0000000723e00000, 0x0000000723e00000| Untracked 
|  27|0x0000000723f00000, 0x0000000724000000, 0x0000000724000000|100%| O|  |TAMS 0x0000000723f00000, 0x0000000723f00000| Untracked 
|  28|0x0000000724000000, 0x0000000724000000, 0x0000000724100000|  0%| F|  |TAMS 0x0000000724000000, 0x0000000724000000| Untracked 
|  29|0x0000000724100000, 0x0000000724100000, 0x0000000724200000|  0%| F|  |TAMS 0x0000000724100000, 0x0000000724100000| Untracked 
|  30|0x0000000724200000, 0x0000000724200000, 0x0000000724300000|  0%| F|  |TAMS 0x0000000724200000, 0x0000000724200000| Untracked 
|  31|0x0000000724300000, 0x0000000724300000, 0x0000000724400000|  0%| F|  |TAMS 0x0000000724300000, 0x0000000724300000| Untracked 
|  32|0x0000000724400000, 0x0000000724400000, 0x0000000724500000|  0%| F|  |TAMS 0x0000000724400000, 0x0000000724400000| Untracked 
|  33|0x0000000724500000, 0x0000000724500000, 0x0000000724600000|  0%| F|  |TAMS 0x0000000724500000, 0x0000000724500000| Untracked 
|  34|0x0000000724600000, 0x0000000724600000, 0x0000000724700000|  0%| F|  |TAMS 0x0000000724600000, 0x0000000724600000| Untracked 
|  35|0x0000000724700000, 0x0000000724700000, 0x0000000724800000|  0%| F|  |TAMS 0x0000000724700000, 0x0000000724700000| Untracked 
|  36|0x0000000724800000, 0x0000000724800000, 0x0000000724900000|  0%| F|  |TAMS 0x0000000724800000, 0x0000000724800000| Untracked 
|  37|0x0000000724900000, 0x0000000724900000, 0x0000000724a00000|  0%| F|  |TAMS 0x0000000724900000, 0x0000000724900000| Untracked 
|  38|0x0000000724a00000, 0x0000000724a00000, 0x0000000724b00000|  0%| F|  |TAMS 0x0000000724a00000, 0x0000000724a00000| Untracked 
|  39|0x0000000724b00000, 0x0000000724b00000, 0x0000000724c00000|  0%| F|  |TAMS 0x0000000724b00000, 0x0000000724b00000| Untracked 
|  40|0x0000000724c00000, 0x0000000724c00000, 0x0000000724d00000|  0%| F|  |TAMS 0x0000000724c00000, 0x0000000724c00000| Untracked 
|  41|0x0000000724d00000, 0x0000000724d00000, 0x0000000724e00000|  0%| F|  |TAMS 0x0000000724d00000, 0x0000000724d00000| Untracked 
|  42|0x0000000724e00000, 0x0000000724e00000, 0x0000000724f00000|  0%| F|  |TAMS 0x0000000724e00000, 0x0000000724e00000| Untracked 
|  43|0x0000000724f00000, 0x0000000724f00000, 0x0000000725000000|  0%| F|  |TAMS 0x0000000724f00000, 0x0000000724f00000| Untracked 
|  44|0x0000000725000000, 0x0000000725000000, 0x0000000725100000|  0%| F|  |TAMS 0x0000000725000000, 0x0000000725000000| Untracked 
|  45|0x0000000725100000, 0x0000000725100000, 0x0000000725200000|  0%| F|  |TAMS 0x0000000725100000, 0x0000000725100000| Untracked 
|  46|0x0000000725200000, 0x0000000725200000, 0x0000000725300000|  0%| F|  |TAMS 0x0000000725200000, 0x0000000725200000| Untracked 
|  47|0x0000000725300000, 0x0000000725300000, 0x0000000725400000|  0%| F|  |TAMS 0x0000000725300000, 0x0000000725300000| Untracked 
|  48|0x0000000725400000, 0x0000000725400000, 0x0000000725500000|  0%| F|  |TAMS 0x0000000725400000, 0x0000000725400000| Untracked 
|  49|0x0000000725500000, 0x0000000725500000, 0x0000000725600000|  0%| F|  |TAMS 0x0000000725500000, 0x0000000725500000| Untracked 
|  50|0x0000000725600000, 0x0000000725600000, 0x0000000725700000|  0%| F|  |TAMS 0x0000000725600000, 0x0000000725600000| Untracked 
|  51|0x0000000725700000, 0x0000000725700000, 0x0000000725800000|  0%| F|  |TAMS 0x0000000725700000, 0x0000000725700000| Untracked 
|  52|0x0000000725800000, 0x0000000725800000, 0x0000000725900000|  0%| F|  |TAMS 0x0000000725800000, 0x0000000725800000| Untracked 
|  53|0x0000000725900000, 0x0000000725900000, 0x0000000725a00000|  0%| F|  |TAMS 0x0000000725900000, 0x0000000725900000| Untracked 
|  54|0x0000000725a00000, 0x0000000725a00000, 0x0000000725b00000|  0%| F|  |TAMS 0x0000000725a00000, 0x0000000725a00000| Untracked 
|  55|0x0000000725b00000, 0x0000000725b00000, 0x0000000725c00000|  0%| F|  |TAMS 0x0000000725b00000, 0x0000000725b00000| Untracked 
|  56|0x0000000725c00000, 0x0000000725c00000, 0x0000000725d00000|  0%| F|  |TAMS 0x0000000725c00000, 0x0000000725c00000| Untracked 
|  57|0x0000000725d00000, 0x0000000725d00000, 0x0000000725e00000|  0%| F|  |TAMS 0x0000000725d00000, 0x0000000725d00000| Untracked 
|  58|0x0000000725e00000, 0x0000000725e00000, 0x0000000725f00000|  0%| F|  |TAMS 0x0000000725e00000, 0x0000000725e00000| Untracked 
|  59|0x0000000725f00000, 0x0000000725f00000, 0x0000000726000000|  0%| F|  |TAMS 0x0000000725f00000, 0x0000000725f00000| Untracked 
|  60|0x0000000726000000, 0x0000000726000000, 0x0000000726100000|  0%| F|  |TAMS 0x0000000726000000, 0x0000000726000000| Untracked 
|  61|0x0000000726100000, 0x0000000726100000, 0x0000000726200000|  0%| F|  |TAMS 0x0000000726100000, 0x0000000726100000| Untracked 
|  62|0x0000000726200000, 0x0000000726200000, 0x0000000726300000|  0%| F|  |TAMS 0x0000000726200000, 0x0000000726200000| Untracked 
|  63|0x0000000726300000, 0x0000000726300000, 0x0000000726400000|  0%| F|  |TAMS 0x0000000726300000, 0x0000000726300000| Untracked 
|  64|0x0000000726400000, 0x0000000726400000, 0x0000000726500000|  0%| F|  |TAMS 0x0000000726400000, 0x0000000726400000| Untracked 
|  65|0x0000000726500000, 0x0000000726500000, 0x0000000726600000|  0%| F|  |TAMS 0x0000000726500000, 0x0000000726500000| Untracked 
|  66|0x0000000726600000, 0x0000000726600000, 0x0000000726700000|  0%| F|  |TAMS 0x0000000726600000, 0x0000000726600000| Untracked 
|  67|0x0000000726700000, 0x0000000726700000, 0x0000000726800000|  0%| F|  |TAMS 0x0000000726700000, 0x0000000726700000| Untracked 
|  68|0x0000000726800000, 0x0000000726800000, 0x0000000726900000|  0%| F|  |TAMS 0x0000000726800000, 0x0000000726800000| Untracked 
|  69|0x0000000726900000, 0x0000000726900000, 0x0000000726a00000|  0%| F|  |TAMS 0x0000000726900000, 0x0000000726900000| Untracked 
|  70|0x0000000726a00000, 0x0000000726a00000, 0x0000000726b00000|  0%| F|  |TAMS 0x0000000726a00000, 0x0000000726a00000| Untracked 
|  71|0x0000000726b00000, 0x0000000726b00000, 0x0000000726c00000|  0%| F|  |TAMS 0x0000000726b00000, 0x0000000726b00000| Untracked 
|  72|0x0000000726c00000, 0x0000000726c00000, 0x0000000726d00000|  0%| F|  |TAMS 0x0000000726c00000, 0x0000000726c00000| Untracked 
|  73|0x0000000726d00000, 0x0000000726d00000, 0x0000000726e00000|  0%| F|  |TAMS 0x0000000726d00000, 0x0000000726d00000| Untracked 
|  74|0x0000000726e00000, 0x0000000726e00000, 0x0000000726f00000|  0%| F|  |TAMS 0x0000000726e00000, 0x0000000726e00000| Untracked 
|  75|0x0000000726f00000, 0x0000000726f00000, 0x0000000727000000|  0%| F|  |TAMS 0x0000000726f00000, 0x0000000726f00000| Untracked 
|  76|0x0000000727000000, 0x0000000727000000, 0x0000000727100000|  0%| F|  |TAMS 0x0000000727000000, 0x0000000727000000| Untracked 
|  77|0x0000000727100000, 0x0000000727100000, 0x0000000727200000|  0%| F|  |TAMS 0x0000000727100000, 0x0000000727100000| Untracked 
|  78|0x0000000727200000, 0x0000000727200000, 0x0000000727300000|  0%| F|  |TAMS 0x0000000727200000, 0x0000000727200000| Untracked 
|  79|0x0000000727300000, 0x0000000727300000, 0x0000000727400000|  0%| F|  |TAMS 0x0000000727300000, 0x0000000727300000| Untracked 
|  80|0x0000000727400000, 0x0000000727400000, 0x0000000727500000|  0%| F|  |TAMS 0x0000000727400000, 0x0000000727400000| Untracked 
|  81|0x0000000727500000, 0x0000000727500000, 0x0000000727600000|  0%| F|  |TAMS 0x0000000727500000, 0x0000000727500000| Untracked 
|  82|0x0000000727600000, 0x0000000727600000, 0x0000000727700000|  0%| F|  |TAMS 0x0000000727600000, 0x0000000727600000| Untracked 
|  83|0x0000000727700000, 0x0000000727700000, 0x0000000727800000|  0%| F|  |TAMS 0x0000000727700000, 0x0000000727700000| Untracked 
|  84|0x0000000727800000, 0x0000000727800000, 0x0000000727900000|  0%| F|  |TAMS 0x0000000727800000, 0x0000000727800000| Untracked 
|  85|0x0000000727900000, 0x0000000727900000, 0x0000000727a00000|  0%| F|  |TAMS 0x0000000727900000, 0x0000000727900000| Untracked 
|  86|0x0000000727a00000, 0x0000000727a00000, 0x0000000727b00000|  0%| F|  |TAMS 0x0000000727a00000, 0x0000000727a00000| Untracked 
|  87|0x0000000727b00000, 0x0000000727b00000, 0x0000000727c00000|  0%| F|  |TAMS 0x0000000727b00000, 0x0000000727b00000| Untracked 
|  88|0x0000000727c00000, 0x0000000727c00000, 0x0000000727d00000|  0%| F|  |TAMS 0x0000000727c00000, 0x0000000727c00000| Untracked 
|  89|0x0000000727d00000, 0x0000000727d00000, 0x0000000727e00000|  0%| F|  |TAMS 0x0000000727d00000, 0x0000000727d00000| Untracked 
|  90|0x0000000727e00000, 0x0000000727e00000, 0x0000000727f00000|  0%| F|  |TAMS 0x0000000727e00000, 0x0000000727e00000| Untracked 
|  91|0x0000000727f00000, 0x0000000727f00000, 0x0000000728000000|  0%| F|  |TAMS 0x0000000727f00000, 0x0000000727f00000| Untracked 
|  92|0x0000000728000000, 0x0000000728000000, 0x0000000728100000|  0%| F|  |TAMS 0x0000000728000000, 0x0000000728000000| Untracked 
|  93|0x0000000728100000, 0x0000000728100000, 0x0000000728200000|  0%| F|  |TAMS 0x0000000728100000, 0x0000000728100000| Untracked 
|  94|0x0000000728200000, 0x0000000728200000, 0x0000000728300000|  0%| F|  |TAMS 0x0000000728200000, 0x0000000728200000| Untracked 
|  95|0x0000000728300000, 0x0000000728300000, 0x0000000728400000|  0%| F|  |TAMS 0x0000000728300000, 0x0000000728300000| Untracked 
|  96|0x0000000728400000, 0x0000000728400000, 0x0000000728500000|  0%| F|  |TAMS 0x0000000728400000, 0x0000000728400000| Untracked 
|  97|0x0000000728500000, 0x0000000728500000, 0x0000000728600000|  0%| F|  |TAMS 0x0000000728500000, 0x0000000728500000| Untracked 
|  98|0x0000000728600000, 0x0000000728600000, 0x0000000728700000|  0%| F|  |TAMS 0x0000000728600000, 0x0000000728600000| Untracked 
|  99|0x0000000728700000, 0x0000000728700000, 0x0000000728800000|  0%| F|  |TAMS 0x0000000728700000, 0x0000000728700000| Untracked 
| 100|0x0000000728800000, 0x0000000728800000, 0x0000000728900000|  0%| F|  |TAMS 0x0000000728800000, 0x0000000728800000| Untracked 
| 101|0x0000000728900000, 0x0000000728900000, 0x0000000728a00000|  0%| F|  |TAMS 0x0000000728900000, 0x0000000728900000| Untracked 
| 102|0x0000000728a00000, 0x0000000728a00000, 0x0000000728b00000|  0%| F|  |TAMS 0x0000000728a00000, 0x0000000728a00000| Untracked 
| 103|0x0000000728b00000, 0x0000000728b00000, 0x0000000728c00000|  0%| F|  |TAMS 0x0000000728b00000, 0x0000000728b00000| Untracked 
| 104|0x0000000728c00000, 0x0000000728c00000, 0x0000000728d00000|  0%| F|  |TAMS 0x0000000728c00000, 0x0000000728c00000| Untracked 
| 105|0x0000000728d00000, 0x0000000728d00000, 0x0000000728e00000|  0%| F|  |TAMS 0x0000000728d00000, 0x0000000728d00000| Untracked 
| 106|0x0000000728e00000, 0x0000000728e00000, 0x0000000728f00000|  0%| F|  |TAMS 0x0000000728e00000, 0x0000000728e00000| Untracked 
| 107|0x0000000728f00000, 0x0000000728f00000, 0x0000000729000000|  0%| F|  |TAMS 0x0000000728f00000, 0x0000000728f00000| Untracked 
| 108|0x0000000729000000, 0x0000000729000000, 0x0000000729100000|  0%| F|  |TAMS 0x0000000729000000, 0x0000000729000000| Untracked 
| 109|0x0000000729100000, 0x0000000729100000, 0x0000000729200000|  0%| F|  |TAMS 0x0000000729100000, 0x0000000729100000| Untracked 
| 110|0x0000000729200000, 0x0000000729200000, 0x0000000729300000|  0%| F|  |TAMS 0x0000000729200000, 0x0000000729200000| Untracked 
| 111|0x0000000729300000, 0x0000000729300000, 0x0000000729400000|  0%| F|  |TAMS 0x0000000729300000, 0x0000000729300000| Untracked 
| 112|0x0000000729400000, 0x0000000729400000, 0x0000000729500000|  0%| F|  |TAMS 0x0000000729400000, 0x0000000729400000| Untracked 
| 113|0x0000000729500000, 0x0000000729500000, 0x0000000729600000|  0%| F|  |TAMS 0x0000000729500000, 0x0000000729500000| Untracked 
| 114|0x0000000729600000, 0x0000000729600000, 0x0000000729700000|  0%| F|  |TAMS 0x0000000729600000, 0x0000000729600000| Untracked 
| 115|0x0000000729700000, 0x0000000729700000, 0x0000000729800000|  0%| F|  |TAMS 0x0000000729700000, 0x0000000729700000| Untracked 
| 116|0x0000000729800000, 0x0000000729800000, 0x0000000729900000|  0%| F|  |TAMS 0x0000000729800000, 0x0000000729800000| Untracked 
| 117|0x0000000729900000, 0x0000000729900000, 0x0000000729a00000|  0%| F|  |TAMS 0x0000000729900000, 0x0000000729900000| Untracked 
| 118|0x0000000729a00000, 0x0000000729a00000, 0x0000000729b00000|  0%| F|  |TAMS 0x0000000729a00000, 0x0000000729a00000| Untracked 
| 119|0x0000000729b00000, 0x0000000729b00000, 0x0000000729c00000|  0%| F|  |TAMS 0x0000000729b00000, 0x0000000729b00000| Untracked 
| 120|0x0000000729c00000, 0x0000000729c00000, 0x0000000729d00000|  0%| F|  |TAMS 0x0000000729c00000, 0x0000000729c00000| Untracked 
| 121|0x0000000729d00000, 0x0000000729d00000, 0x0000000729e00000|  0%| F|  |TAMS 0x0000000729d00000, 0x0000000729d00000| Untracked 
| 122|0x0000000729e00000, 0x0000000729e00000, 0x0000000729f00000|  0%| F|  |TAMS 0x0000000729e00000, 0x0000000729e00000| Untracked 
| 123|0x0000000729f00000, 0x0000000729f00000, 0x000000072a000000|  0%| F|  |TAMS 0x0000000729f00000, 0x0000000729f00000| Untracked 
| 124|0x000000072a000000, 0x000000072a000000, 0x000000072a100000|  0%| F|  |TAMS 0x000000072a000000, 0x000000072a000000| Untracked 
| 125|0x000000072a100000, 0x000000072a100000, 0x000000072a200000|  0%| F|  |TAMS 0x000000072a100000, 0x000000072a100000| Untracked 
| 126|0x000000072a200000, 0x000000072a200000, 0x000000072a300000|  0%| F|  |TAMS 0x000000072a200000, 0x000000072a200000| Untracked 
| 127|0x000000072a300000, 0x000000072a300000, 0x000000072a400000|  0%| F|  |TAMS 0x000000072a300000, 0x000000072a300000| Untracked 
| 128|0x000000072a400000, 0x000000072a400000, 0x000000072a500000|  0%| F|  |TAMS 0x000000072a400000, 0x000000072a400000| Untracked 
| 129|0x000000072a500000, 0x000000072a500000, 0x000000072a600000|  0%| F|  |TAMS 0x000000072a500000, 0x000000072a500000| Untracked 
| 130|0x000000072a600000, 0x000000072a600000, 0x000000072a700000|  0%| F|  |TAMS 0x000000072a600000, 0x000000072a600000| Untracked 
| 131|0x000000072a700000, 0x000000072a700000, 0x000000072a800000|  0%| F|  |TAMS 0x000000072a700000, 0x000000072a700000| Untracked 
| 132|0x000000072a800000, 0x000000072a800000, 0x000000072a900000|  0%| F|  |TAMS 0x000000072a800000, 0x000000072a800000| Untracked 
| 133|0x000000072a900000, 0x000000072a900000, 0x000000072aa00000|  0%| F|  |TAMS 0x000000072a900000, 0x000000072a900000| Untracked 
| 134|0x000000072aa00000, 0x000000072aa00000, 0x000000072ab00000|  0%| F|  |TAMS 0x000000072aa00000, 0x000000072aa00000| Untracked 
| 135|0x000000072ab00000, 0x000000072ab00000, 0x000000072ac00000|  0%| F|  |TAMS 0x000000072ab00000, 0x000000072ab00000| Untracked 
| 136|0x000000072ac00000, 0x000000072ac00000, 0x000000072ad00000|  0%| F|  |TAMS 0x000000072ac00000, 0x000000072ac00000| Untracked 
| 137|0x000000072ad00000, 0x000000072ad00000, 0x000000072ae00000|  0%| F|  |TAMS 0x000000072ad00000, 0x000000072ad00000| Untracked 
| 138|0x000000072ae00000, 0x000000072ae00000, 0x000000072af00000|  0%| F|  |TAMS 0x000000072ae00000, 0x000000072ae00000| Untracked 
| 139|0x000000072af00000, 0x000000072af00000, 0x000000072b000000|  0%| F|  |TAMS 0x000000072af00000, 0x000000072af00000| Untracked 
| 140|0x000000072b000000, 0x000000072b000000, 0x000000072b100000|  0%| F|  |TAMS 0x000000072b000000, 0x000000072b000000| Untracked 
| 141|0x000000072b100000, 0x000000072b100000, 0x000000072b200000|  0%| F|  |TAMS 0x000000072b100000, 0x000000072b100000| Untracked 
| 142|0x000000072b200000, 0x000000072b200000, 0x000000072b300000|  0%| F|  |TAMS 0x000000072b200000, 0x000000072b200000| Untracked 
| 143|0x000000072b300000, 0x000000072b300000, 0x000000072b400000|  0%| F|  |TAMS 0x000000072b300000, 0x000000072b300000| Untracked 
| 144|0x000000072b400000, 0x000000072b400000, 0x000000072b500000|  0%| F|  |TAMS 0x000000072b400000, 0x000000072b400000| Untracked 
| 145|0x000000072b500000, 0x000000072b500000, 0x000000072b600000|  0%| F|  |TAMS 0x000000072b500000, 0x000000072b500000| Untracked 
| 146|0x000000072b600000, 0x000000072b600000, 0x000000072b700000|  0%| F|  |TAMS 0x000000072b600000, 0x000000072b600000| Untracked 
| 147|0x000000072b700000, 0x000000072b700000, 0x000000072b800000|  0%| F|  |TAMS 0x000000072b700000, 0x000000072b700000| Untracked 
| 148|0x000000072b800000, 0x000000072b800000, 0x000000072b900000|  0%| F|  |TAMS 0x000000072b800000, 0x000000072b800000| Untracked 
| 149|0x000000072b900000, 0x000000072b900000, 0x000000072ba00000|  0%| F|  |TAMS 0x000000072b900000, 0x000000072b900000| Untracked 
| 150|0x000000072ba00000, 0x000000072ba00000, 0x000000072bb00000|  0%| F|  |TAMS 0x000000072ba00000, 0x000000072ba00000| Untracked 
| 151|0x000000072bb00000, 0x000000072bb00000, 0x000000072bc00000|  0%| F|  |TAMS 0x000000072bb00000, 0x000000072bb00000| Untracked 
| 152|0x000000072bc00000, 0x000000072bc00000, 0x000000072bd00000|  0%| F|  |TAMS 0x000000072bc00000, 0x000000072bc00000| Untracked 
| 153|0x000000072bd00000, 0x000000072bd00000, 0x000000072be00000|  0%| F|  |TAMS 0x000000072bd00000, 0x000000072bd00000| Untracked 
| 154|0x000000072be00000, 0x000000072be00000, 0x000000072bf00000|  0%| F|  |TAMS 0x000000072be00000, 0x000000072be00000| Untracked 
| 155|0x000000072bf00000, 0x000000072bf00000, 0x000000072c000000|  0%| F|  |TAMS 0x000000072bf00000, 0x000000072bf00000| Untracked 
| 156|0x000000072c000000, 0x000000072c000000, 0x000000072c100000|  0%| F|  |TAMS 0x000000072c000000, 0x000000072c000000| Untracked 
| 157|0x000000072c100000, 0x000000072c100000, 0x000000072c200000|  0%| F|  |TAMS 0x000000072c100000, 0x000000072c100000| Untracked 
| 158|0x000000072c200000, 0x000000072c200000, 0x000000072c300000|  0%| F|  |TAMS 0x000000072c200000, 0x000000072c200000| Untracked 
| 159|0x000000072c300000, 0x000000072c300000, 0x000000072c400000|  0%| F|  |TAMS 0x000000072c300000, 0x000000072c300000| Untracked 
| 160|0x000000072c400000, 0x000000072c400000, 0x000000072c500000|  0%| F|  |TAMS 0x000000072c400000, 0x000000072c400000| Untracked 
| 161|0x000000072c500000, 0x000000072c500000, 0x000000072c600000|  0%| F|  |TAMS 0x000000072c500000, 0x000000072c500000| Untracked 
| 162|0x000000072c600000, 0x000000072c600000, 0x000000072c700000|  0%| F|  |TAMS 0x000000072c600000, 0x000000072c600000| Untracked 
| 163|0x000000072c700000, 0x000000072c700000, 0x000000072c800000|  0%| F|  |TAMS 0x000000072c700000, 0x000000072c700000| Untracked 
| 164|0x000000072c800000, 0x000000072c800000, 0x000000072c900000|  0%| F|  |TAMS 0x000000072c800000, 0x000000072c800000| Untracked 
| 165|0x000000072c900000, 0x000000072c900000, 0x000000072ca00000|  0%| F|  |TAMS 0x000000072c900000, 0x000000072c900000| Untracked 
| 166|0x000000072ca00000, 0x000000072ca00000, 0x000000072cb00000|  0%| F|  |TAMS 0x000000072ca00000, 0x000000072ca00000| Untracked 
| 167|0x000000072cb00000, 0x000000072cb00000, 0x000000072cc00000|  0%| F|  |TAMS 0x000000072cb00000, 0x000000072cb00000| Untracked 
| 168|0x000000072cc00000, 0x000000072cc00000, 0x000000072cd00000|  0%| F|  |TAMS 0x000000072cc00000, 0x000000072cc00000| Untracked 
| 169|0x000000072cd00000, 0x000000072cd00000, 0x000000072ce00000|  0%| F|  |TAMS 0x000000072cd00000, 0x000000072cd00000| Untracked 
| 170|0x000000072ce00000, 0x000000072ce00000, 0x000000072cf00000|  0%| F|  |TAMS 0x000000072ce00000, 0x000000072ce00000| Untracked 
| 171|0x000000072cf00000, 0x000000072cf00000, 0x000000072d000000|  0%| F|  |TAMS 0x000000072cf00000, 0x000000072cf00000| Untracked 
| 172|0x000000072d000000, 0x000000072d000000, 0x000000072d100000|  0%| F|  |TAMS 0x000000072d000000, 0x000000072d000000| Untracked 
| 173|0x000000072d100000, 0x000000072d100000, 0x000000072d200000|  0%| F|  |TAMS 0x000000072d100000, 0x000000072d100000| Untracked 
| 174|0x000000072d200000, 0x000000072d200000, 0x000000072d300000|  0%| F|  |TAMS 0x000000072d200000, 0x000000072d200000| Untracked 
| 175|0x000000072d300000, 0x000000072d300000, 0x000000072d400000|  0%| F|  |TAMS 0x000000072d300000, 0x000000072d300000| Untracked 
| 176|0x000000072d400000, 0x000000072d400000, 0x000000072d500000|  0%| F|  |TAMS 0x000000072d400000, 0x000000072d400000| Untracked 
| 177|0x000000072d500000, 0x000000072d500000, 0x000000072d600000|  0%| F|  |TAMS 0x000000072d500000, 0x000000072d500000| Untracked 
| 178|0x000000072d600000, 0x000000072d600000, 0x000000072d700000|  0%| F|  |TAMS 0x000000072d600000, 0x000000072d600000| Untracked 
| 179|0x000000072d700000, 0x000000072d700000, 0x000000072d800000|  0%| F|  |TAMS 0x000000072d700000, 0x000000072d700000| Untracked 
| 180|0x000000072d800000, 0x000000072d800000, 0x000000072d900000|  0%| F|  |TAMS 0x000000072d800000, 0x000000072d800000| Untracked 
| 181|0x000000072d900000, 0x000000072d900000, 0x000000072da00000|  0%| F|  |TAMS 0x000000072d900000, 0x000000072d900000| Untracked 
| 182|0x000000072da00000, 0x000000072da00000, 0x000000072db00000|  0%| F|  |TAMS 0x000000072da00000, 0x000000072da00000| Untracked 
| 183|0x000000072db00000, 0x000000072db00000, 0x000000072dc00000|  0%| F|  |TAMS 0x000000072db00000, 0x000000072db00000| Untracked 
| 184|0x000000072dc00000, 0x000000072dc00000, 0x000000072dd00000|  0%| F|  |TAMS 0x000000072dc00000, 0x000000072dc00000| Untracked 
| 185|0x000000072dd00000, 0x000000072dd00000, 0x000000072de00000|  0%| F|  |TAMS 0x000000072dd00000, 0x000000072dd00000| Untracked 
| 186|0x000000072de00000, 0x000000072de00000, 0x000000072df00000|  0%| F|  |TAMS 0x000000072de00000, 0x000000072de00000| Untracked 
| 187|0x000000072df00000, 0x000000072df00000, 0x000000072e000000|  0%| F|  |TAMS 0x000000072df00000, 0x000000072df00000| Untracked 
| 188|0x000000072e000000, 0x000000072e000000, 0x000000072e100000|  0%| F|  |TAMS 0x000000072e000000, 0x000000072e000000| Untracked 
| 189|0x000000072e100000, 0x000000072e100000, 0x000000072e200000|  0%| F|  |TAMS 0x000000072e100000, 0x000000072e100000| Untracked 
| 190|0x000000072e200000, 0x000000072e200000, 0x000000072e300000|  0%| F|  |TAMS 0x000000072e200000, 0x000000072e200000| Untracked 
| 191|0x000000072e300000, 0x000000072e400000, 0x000000072e400000|100%| E|  |TAMS 0x000000072e300000, 0x000000072e300000| Complete 
| 192|0x000000072e400000, 0x000000072e500000, 0x000000072e500000|100%| E|CS|TAMS 0x000000072e400000, 0x000000072e400000| Complete 
| 193|0x000000072e500000, 0x000000072e600000, 0x000000072e600000|100%| E|CS|TAMS 0x000000072e500000, 0x000000072e500000| Complete 
| 194|0x000000072e600000, 0x000000072e700000, 0x000000072e700000|100%| E|CS|TAMS 0x000000072e600000, 0x000000072e600000| Complete 
| 195|0x000000072e700000, 0x000000072e800000, 0x000000072e800000|100%| E|CS|TAMS 0x000000072e700000, 0x000000072e700000| Complete 
| 196|0x000000072e800000, 0x000000072e900000, 0x000000072e900000|100%| E|CS|TAMS 0x000000072e800000, 0x000000072e800000| Complete 
| 197|0x000000072e900000, 0x000000072ea00000, 0x000000072ea00000|100%| E|CS|TAMS 0x000000072e900000, 0x000000072e900000| Complete 
| 198|0x000000072ea00000, 0x000000072eb00000, 0x000000072eb00000|100%| E|CS|TAMS 0x000000072ea00000, 0x000000072ea00000| Complete 
| 199|0x000000072eb00000, 0x000000072ec00000, 0x000000072ec00000|100%| E|CS|TAMS 0x000000072eb00000, 0x000000072eb00000| Complete 
| 200|0x000000072ec00000, 0x000000072ed00000, 0x000000072ed00000|100%| E|CS|TAMS 0x000000072ec00000, 0x000000072ec00000| Complete 
| 201|0x000000072ed00000, 0x000000072ee00000, 0x000000072ee00000|100%| E|CS|TAMS 0x000000072ed00000, 0x000000072ed00000| Complete 
| 202|0x000000072ee00000, 0x000000072ef00000, 0x000000072ef00000|100%| E|CS|TAMS 0x000000072ee00000, 0x000000072ee00000| Complete 
| 203|0x000000072ef00000, 0x000000072f000000, 0x000000072f000000|100%| E|CS|TAMS 0x000000072ef00000, 0x000000072ef00000| Complete 
| 204|0x000000072f000000, 0x000000072f100000, 0x000000072f100000|100%| E|CS|TAMS 0x000000072f000000, 0x000000072f000000| Complete 
| 205|0x000000072f100000, 0x000000072f200000, 0x000000072f200000|100%| E|CS|TAMS 0x000000072f100000, 0x000000072f100000| Complete 
| 206|0x000000072f200000, 0x000000072f300000, 0x000000072f300000|100%| S|CS|TAMS 0x000000072f200000, 0x000000072f200000| Complete 
| 207|0x000000072f300000, 0x000000072f400000, 0x000000072f400000|100%| S|CS|TAMS 0x000000072f300000, 0x000000072f300000| Complete 
| 208|0x000000072f400000, 0x000000072f500000, 0x000000072f500000|100%| S|CS|TAMS 0x000000072f400000, 0x000000072f400000| Complete 
| 209|0x000000072f500000, 0x000000072f600000, 0x000000072f600000|100%| E|CS|TAMS 0x000000072f500000, 0x000000072f500000| Complete 
| 210|0x000000072f600000, 0x000000072f700000, 0x000000072f700000|100%| E|CS|TAMS 0x000000072f600000, 0x000000072f600000| Complete 
| 211|0x000000072f700000, 0x000000072f800000, 0x000000072f800000|100%| E|CS|TAMS 0x000000072f700000, 0x000000072f700000| Complete 
| 212|0x000000072f800000, 0x000000072f900000, 0x000000072f900000|100%| E|CS|TAMS 0x000000072f800000, 0x000000072f800000| Complete 
| 213|0x000000072f900000, 0x000000072fa00000, 0x000000072fa00000|100%| E|CS|TAMS 0x000000072f900000, 0x000000072f900000| Complete 
| 214|0x000000072fa00000, 0x000000072fb00000, 0x000000072fb00000|100%| E|CS|TAMS 0x000000072fa00000, 0x000000072fa00000| Complete 
| 215|0x000000072fb00000, 0x000000072fc00000, 0x000000072fc00000|100%| E|CS|TAMS 0x000000072fb00000, 0x000000072fb00000| Complete 
| 216|0x000000072fc00000, 0x000000072fd00000, 0x000000072fd00000|100%| E|CS|TAMS 0x000000072fc00000, 0x000000072fc00000| Complete 
| 217|0x000000072fd00000, 0x000000072fe00000, 0x000000072fe00000|100%| E|CS|TAMS 0x000000072fd00000, 0x000000072fd00000| Complete 
| 218|0x000000072fe00000, 0x000000072ff00000, 0x000000072ff00000|100%| E|CS|TAMS 0x000000072fe00000, 0x000000072fe00000| Complete 
| 219|0x000000072ff00000, 0x0000000730000000, 0x0000000730000000|100%| E|CS|TAMS 0x000000072ff00000, 0x000000072ff00000| Complete 
| 220|0x0000000730000000, 0x00000007300fff00, 0x0000000730100000| 99%| E|  |TAMS 0x0000000730000000, 0x0000000730000000| Complete 
| 221|0x0000000730100000, 0x0000000730200000, 0x0000000730200000|100%| E|CS|TAMS 0x0000000730100000, 0x0000000730100000| Complete 

Card table byte_map: [0x000001a63ffd0000,0x000001a6406c0000] _byte_map_base: 0x000001a63c6be000

Marking Bits (Prev, Next): (CMBitMap*) 0x000001a62794cb10, (CMBitMap*) 0x000001a62794cad8
 Prev Bits: [0x000001a644520000, 0x000001a647c90000)
 Next Bits: [0x000001a640db0000, 0x000001a644520000)

Polling page: 0x000001a6258e0000

Metaspace:

Usage:
  Non-class:     28.30 MB capacity,    27.94 MB ( 99%) used,   318.53 KB (  1%) free+waste,    50.88 KB ( <1%) overhead. 
      Class:      3.86 MB capacity,     3.65 MB ( 95%) used,   186.98 KB (  5%) free+waste,    24.00 KB ( <1%) overhead. 
       Both:     32.16 MB capacity,    31.59 MB ( 98%) used,   505.51 KB (  2%) free+waste,    74.88 KB ( <1%) overhead. 

Virtual space:
  Non-class space:       30.00 MB reserved,      28.50 MB ( 95%) committed 
      Class space:        1.00 GB reserved,       3.88 MB ( <1%) committed 
             Both:        1.03 GB reserved,      32.38 MB (  3%) committed 

Chunk freelists:
   Non-Class:  75.00 KB
       Class:  19.00 KB
        Both:  94.00 KB

MaxMetaspaceSize: 17179869184.00 GB
CompressedClassSpaceSize: 1.00 GB
Initial GC threshold: 20.80 MB
Current GC threshold: 35.00 MB
CDS: off

CodeHeap 'non-profiled nmethods': size=119168Kb used=1143Kb max_used=1143Kb free=118024Kb
 bounds [0x000001a637c00000, 0x000001a637e70000, 0x000001a63f060000]
CodeHeap 'profiled nmethods': size=119168Kb used=6085Kb max_used=6085Kb free=113082Kb
 bounds [0x000001a6307a0000, 0x000001a630da0000, 0x000001a637c00000]
CodeHeap 'non-nmethods': size=7424Kb used=2930Kb max_used=3000Kb free=4493Kb
 bounds [0x000001a630060000, 0x000001a630350000, 0x000001a6307a0000]
 total_blobs=3436 nmethods=2918 adapters=427
 compilation: enabled
              stopped_count=0, restarted_count=0
 full_count=0

Compilation events (20 events):
Event: 3.555 Thread 0x000001a64b824000 nmethod 2923 0x000001a630d88190 code [0x000001a630d884e0, 0x000001a630d89978]
Event: 3.555 Thread 0x000001a64b656000 nmethod 2926 0x000001a630d89f90 code [0x000001a630d8a160, 0x000001a630d8a418]
Event: 3.555 Thread 0x000001a64bde5000 nmethod 2929 0x000001a637d1d710 code [0x000001a637d1d8c0, 0x000001a637d1d958]
Event: 3.555 Thread 0x000001a64bde4000 nmethod 2924 0x000001a630d8a590 code [0x000001a630d8a840, 0x000001a630d8b428]
Event: 3.559 Thread 0x000001a64b824000 2930       1       org.jetbrains.kotlin.com.intellij.core.CoreApplicationEnvironment::lambda$new$0 (5 bytes)
Event: 3.560 Thread 0x000001a64b824000 nmethod 2930 0x000001a637d1da10 code [0x000001a637d1dbc0, 0x000001a637d1dc78]
Event: 3.566 Thread 0x000001a64b656000 2931       3       sun.nio.cs.SingleByte$Decoder::decode (11 bytes)
Event: 3.566 Thread 0x000001a64bde5000 2932   !   3       jdk.internal.loader.BuiltinClassLoader::loadClassOrNull (143 bytes)
Event: 3.566 Thread 0x000001a64b656000 nmethod 2931 0x000001a630d8b890 code [0x000001a630d8ba40, 0x000001a630d8bb78]
Event: 3.569 Thread 0x000001a64bde4000 2933       3       java.lang.String::concat (115 bytes)
Event: 3.570 Thread 0x000001a64bde5000 nmethod 2932 0x000001a630d8bc90 code [0x000001a630d8c000, 0x000001a630d8d828]
Event: 3.571 Thread 0x000001a64bde4000 nmethod 2933 0x000001a630d8e210 code [0x000001a630d8e4a0, 0x000001a630d8f168]
Event: 3.589 Thread 0x000001a64b824000 2934       3       org.jetbrains.kotlin.com.intellij.util.text.ImmutableText$Leaf8BitNode::byteToChar (7 bytes)
Event: 3.590 Thread 0x000001a64b824000 nmethod 2934 0x000001a630d8f610 code [0x000001a630d8f7c0, 0x000001a630d8f8b8]
Event: 3.596 Thread 0x000001a64b656000 2936       3       java.lang.invoke.LambdaForm$MH/0x0000000800193c40::invokeExact_MT (29 bytes)
Event: 3.596 Thread 0x000001a64bde5000 2937       3       java.lang.invoke.LambdaForm$DMH/0x000000080017dc40::invokeSpecial (22 bytes)
Event: 3.596 Thread 0x000001a64bde4000 2938       3       sun.misc.Unsafe::compareAndSwapObject (13 bytes)
Event: 3.597 Thread 0x000001a64bde4000 nmethod 2938 0x000001a630d8f990 code [0x000001a630d8fb40, 0x000001a630d8fcb8]
Event: 3.597 Thread 0x000001a64bde5000 nmethod 2937 0x000001a630d8fd90 code [0x000001a630d8ff60, 0x000001a630d90498]
Event: 3.597 Thread 0x000001a64b656000 nmethod 2936 0x000001a630d90610 code [0x000001a630d90820, 0x000001a630d910f8]

GC Heap History (8 events):
Event: 0.874 GC heap before
{Heap before GC invocations=0 (full 0):
 garbage-first heap   total 227328K, used 27648K [0x0000000722400000, 0x0000000800000000)
  region size 1024K, 24 young (24576K), 0 survivors (0K)
 Metaspace       used 12295K, capacity 12408K, committed 12544K, reserved 1060864K
  class space    used 1139K, capacity 1175K, committed 1280K, reserved 1048576K
}
Event: 0.878 GC heap after
{Heap after GC invocations=1 (full 0):
 garbage-first heap   total 227328K, used 5727K [0x0000000722400000, 0x0000000800000000)
  region size 1024K, 3 young (3072K), 3 survivors (3072K)
 Metaspace       used 12295K, capacity 12408K, committed 12544K, reserved 1060864K
  class space    used 1139K, capacity 1175K, committed 1280K, reserved 1048576K
}
Event: 1.860 GC heap before
{Heap before GC invocations=1 (full 0):
 garbage-first heap   total 227328K, used 41567K [0x0000000722400000, 0x0000000800000000)
  region size 1024K, 39 young (39936K), 3 survivors (3072K)
 Metaspace       used 20946K, capacity 21171K, committed 21248K, reserved 1069056K
  class space    used 2177K, capacity 2251K, committed 2304K, reserved 1048576K
}
Event: 1.876 GC heap after
{Heap after GC invocations=2 (full 0):
 garbage-first heap   total 227328K, used 9125K [0x0000000722400000, 0x0000000800000000)
  region size 1024K, 6 young (6144K), 6 survivors (6144K)
 Metaspace       used 20946K, capacity 21171K, committed 21248K, reserved 1069056K
  class space    used 2177K, capacity 2251K, committed 2304K, reserved 1048576K
}
Event: 3.094 GC heap before
{Heap before GC invocations=3 (full 0):
 garbage-first heap   total 227328K, used 78757K [0x0000000722400000, 0x0000000800000000)
  region size 1024K, 55 young (56320K), 6 survivors (6144K)
 Metaspace       used 31163K, capacity 31690K, committed 31872K, reserved 1077248K
  class space    used 3649K, capacity 3881K, committed 3968K, reserved 1048576K
}
Event: 3.109 GC heap after
{Heap after GC invocations=4 (full 0):
 garbage-first heap   total 227328K, used 23014K [0x0000000722400000, 0x0000000800000000)
  region size 1024K, 7 young (7168K), 7 survivors (7168K)
 Metaspace       used 31163K, capacity 31690K, committed 31872K, reserved 1077248K
  class space    used 3649K, capacity 3881K, committed 3968K, reserved 1048576K
}
Event: 3.204 GC heap before
{Heap before GC invocations=4 (full 0):
 garbage-first heap   total 227328K, used 36326K [0x0000000722400000, 0x0000000800000000)
  region size 1024K, 20 young (20480K), 7 survivors (7168K)
 Metaspace       used 31283K, capacity 31824K, committed 32128K, reserved 1077248K
  class space    used 3653K, capacity 3882K, committed 3968K, reserved 1048576K
}
Event: 3.222 GC heap after
{Heap after GC invocations=5 (full 0):
 garbage-first heap   total 227328K, used 28768K [0x0000000722400000, 0x0000000800000000)
  region size 1024K, 3 young (3072K), 3 survivors (3072K)
 Metaspace       used 31283K, capacity 31824K, committed 32128K, reserved 1077248K
  class space    used 3653K, capacity 3882K, committed 3968K, reserved 1048576K
}

Deoptimization events (20 events):
Event: 3.468 Thread 0x000001a6278ef800 Uncommon trap: trap_request=0xffffff4d fr.pc=0x000001a637c1b4f0 relative=0x00000000000000d0
Event: 3.468 Thread 0x000001a6278ef800 Uncommon trap: reason=unstable_if action=reinterpret pc=0x000001a637c1b4f0 method=java.lang.String.getBytes([BIB)V @ 5 c2
Event: 3.468 Thread 0x000001a6278ef800 DEOPT PACKING pc=0x000001a637c1b4f0 sp=0x00000067a10f7ef0
Event: 3.468 Thread 0x000001a6278ef800 DEOPT UNPACKING pc=0x000001a6300aa1af sp=0x00000067a10f7eb8 mode 2
Event: 3.468 Thread 0x000001a6278ef800 Uncommon trap: trap_request=0xffffff4d fr.pc=0x000001a637c38944 relative=0x0000000000000204
Event: 3.468 Thread 0x000001a6278ef800 Uncommon trap: reason=unstable_if action=reinterpret pc=0x000001a637c38944 method=java.lang.StringCoding.encodeUTF8(B[BZ)[B @ 2 c2
Event: 3.468 Thread 0x000001a6278ef800 DEOPT PACKING pc=0x000001a637c38944 sp=0x00000067a10f7d60
Event: 3.468 Thread 0x000001a6278ef800 DEOPT UNPACKING pc=0x000001a6300aa1af sp=0x00000067a10f7bc0 mode 2
Event: 3.468 Thread 0x000001a6278ef800 Uncommon trap: trap_request=0xffffff4d fr.pc=0x000001a637c2894c relative=0x000000000000010c
Event: 3.468 Thread 0x000001a6278ef800 Uncommon trap: reason=unstable_if action=reinterpret pc=0x000001a637c2894c method=sun.net.www.ParseUtil.firstEncodeIndex(Ljava/lang/String;)I @ 27 c2
Event: 3.468 Thread 0x000001a6278ef800 DEOPT PACKING pc=0x000001a637c2894c sp=0x00000067a10f7dc0
Event: 3.468 Thread 0x000001a6278ef800 DEOPT UNPACKING pc=0x000001a6300aa1af sp=0x00000067a10f7d48 mode 2
Event: 3.468 Thread 0x000001a6278ef800 Uncommon trap: trap_request=0xffffff4d fr.pc=0x000001a637cb6b44 relative=0x00000000000001a4
Event: 3.468 Thread 0x000001a6278ef800 Uncommon trap: reason=unstable_if action=reinterpret pc=0x000001a637cb6b44 method=java.lang.String.indexOf(II)I @ 4 c2
Event: 3.468 Thread 0x000001a6278ef800 DEOPT PACKING pc=0x000001a637cb6b44 sp=0x00000067a10f7bd0
Event: 3.468 Thread 0x000001a6278ef800 DEOPT UNPACKING pc=0x000001a6300aa1af sp=0x00000067a10f7b80 mode 2
Event: 3.468 Thread 0x000001a6278ef800 Uncommon trap: trap_request=0xffffff4d fr.pc=0x000001a637cd19c4 relative=0x00000000000001a4
Event: 3.468 Thread 0x000001a6278ef800 Uncommon trap: reason=unstable_if action=reinterpret pc=0x000001a637cd19c4 method=java.lang.String.startsWith(Ljava/lang/String;I)Z @ 46 c2
Event: 3.468 Thread 0x000001a6278ef800 DEOPT PACKING pc=0x000001a637cd19c4 sp=0x00000067a10f7cd0
Event: 3.468 Thread 0x000001a6278ef800 DEOPT UNPACKING pc=0x000001a6300aa1af sp=0x00000067a10f7c38 mode 2

Classes redefined (0 events):
No events

Internal exceptions (20 events):
Event: 1.942 Thread 0x000001a6278ef800 Exception <a 'java/lang/NoSuchMethodError'{0x000000072fe29e68}: 'int java.lang.invoke.DirectMethodHandle$Holder.invokeStaticInit(java.lang.Object, java.lang.Object, java.lang.Object)'> (0x000000072fe29e68) thrown at [./src/hotspot/share/interpreter/linkResolver.cpp, line 773]
Event: 1.947 Thread 0x000001a6278ef800 Exception <a 'java/lang/NoSuchMethodError'{0x000000072fe55708}: 'int java.lang.invoke.DirectMethodHandle$Holder.invokeStaticInit(java.lang.Object, java.lang.Object)'> (0x000000072fe55708) thrown at [./src/hotspot/share/interpreter/linkResolver.cpp, line 773]
Event: 2.012 Thread 0x000001a6278ef800 Exception <a 'java/lang/NoSuchMethodError'{0x000000072fce4cc0}: 'void java.lang.invoke.DirectMethodHandle$Holder.invokeSpecial(java.lang.Object, java.lang.Object)'> (0x000000072fce4cc0) thrown at [./src/hotspot/share/interpreter/linkResolver.cpp, line 773]
Event: 2.243 Thread 0x000001a6278ef800 Exception <a 'java/lang/NoSuchMethodError'{0x000000072f4da870}: 'java.lang.Object java.lang.invoke.DirectMethodHandle$Holder.invokeStatic(java.lang.Object, java.lang.Object, java.lang.Object, java.lang.Object, java.lang.Object, java.lang.Object, java.lang.Object, java.lang.Object, java.lang.Object, java.lang.Object, java.lang.Object, java.lang.Object, java.lang.Object, java.lang.Object, java.lang.Object)'> (0x000000072f4da870) thrown at [./src/hotspot/share/interpreter/linkResolver.cpp, line 773]
Event: 2.245 Thread 0x000001a6278ef800 Exception <a 'java/lang/NoSuchMethodError'{0x000000072f4e8878}: 'java.lang.Object java.lang.invoke.DirectMethodHandle$Holder.invokeStatic(java.lang.Object, java.lang.Object, java.lang.Object, java.lang.Object, java.lang.Object, java.lang.Object, java.lang.Object, java.lang.Object, java.lang.Object, java.lang.Object, java.lang.Object, java.lang.Object, java.lang.Object, java.lang.Object, java.lang.Object, java.lang.Object)'> (0x000000072f4e8878) thrown at [./src/hotspot/share/interpreter/linkResolver.cpp, l
Event: 2.247 Thread 0x000001a6278ef800 Exception <a 'java/lang/NoSuchMethodError'{0x000000072f4f6790}: 'java.lang.Object java.lang.invoke.DirectMethodHandle$Holder.invokeSpecial(java.lang.Object, java.lang.Object, int, int, java.lang.Object, java.lang.Object, java.lang.Object)'> (0x000000072f4f6790) thrown at [./src/hotspot/share/interpreter/linkResolver.cpp, line 773]
Event: 2.247 Thread 0x000001a6278ef800 Exception <a 'java/lang/NoSuchMethodError'{0x000000072f4f9fc8}: 'java.lang.Object java.lang.invoke.DelegatingMethodHandle$Holder.reinvoke_L(java.lang.Object, int, int, java.lang.Object, java.lang.Object, java.lang.Object)'> (0x000000072f4f9fc8) thrown at [./src/hotspot/share/interpreter/linkResolver.cpp, line 773]
Event: 2.248 Thread 0x000001a6278ef800 Exception <a 'java/lang/NoSuchMethodError'{0x000000072f4fe350}: 'java.lang.Object java.lang.invoke.DirectMethodHandle$Holder.invokeStatic(java.lang.Object, java.lang.Object, java.lang.Object, java.lang.Object, int)'> (0x000000072f4fe350) thrown at [./src/hotspot/share/interpreter/linkResolver.cpp, line 773]
Event: 2.311 Thread 0x000001a6278ef800 Exception <a 'sun/nio/fs/WindowsException'{0x000000072f23eae8}> (0x000000072f23eae8) thrown at [./src/hotspot/share/prims/jni.cpp, line 617]
Event: 2.311 Thread 0x000001a6278ef800 Exception <a 'sun/nio/fs/WindowsException'{0x000000072f23f360}> (0x000000072f23f360) thrown at [./src/hotspot/share/prims/jni.cpp, line 617]
Event: 2.311 Thread 0x000001a6278ef800 Exception <a 'sun/nio/fs/WindowsException'{0x000000072f23fbe8}> (0x000000072f23fbe8) thrown at [./src/hotspot/share/prims/jni.cpp, line 617]
Event: 2.312 Thread 0x000001a6278ef800 Exception <a 'sun/nio/fs/WindowsException'{0x000000072f2405e0}> (0x000000072f2405e0) thrown at [./src/hotspot/share/prims/jni.cpp, line 617]
Event: 2.312 Thread 0x000001a6278ef800 Exception <a 'sun/nio/fs/WindowsException'{0x000000072f240ee8}> (0x000000072f240ee8) thrown at [./src/hotspot/share/prims/jni.cpp, line 617]
Event: 2.312 Thread 0x000001a6278ef800 Exception <a 'sun/nio/fs/WindowsException'{0x000000072f241820}> (0x000000072f241820) thrown at [./src/hotspot/share/prims/jni.cpp, line 617]
Event: 2.316 Thread 0x000001a6278ef800 Exception <a 'java/lang/NoSuchMethodError'{0x000000072f248030}: 'void java.lang.invoke.DirectMethodHandle$Holder.invokeStatic(java.lang.Object, java.lang.Object, java.lang.Object, java.lang.Object)'> (0x000000072f248030) thrown at [./src/hotspot/share/interpreter/linkResolver.cpp, line 773]
Event: 2.409 Thread 0x000001a6278ef800 Exception <a 'java/lang/NoSuchMethodError'{0x000000072ee27c88}: 'void java.lang.invoke.DirectMethodHandle$Holder.invokeStaticInit(java.lang.Object, java.lang.Object)'> (0x000000072ee27c88) thrown at [./src/hotspot/share/interpreter/linkResolver.cpp, line 773]
Event: 2.550 Thread 0x000001a6278ef800 Exception <a 'java/lang/NoSuchMethodError'{0x000000072e9b3150}: 'void java.lang.invoke.DirectMethodHandle$Holder.invokeVirtual(java.lang.Object, java.lang.Object)'> (0x000000072e9b3150) thrown at [./src/hotspot/share/interpreter/linkResolver.cpp, line 773]
Event: 2.752 Thread 0x000001a6278ef800 Exception <a 'java/lang/NoSuchMethodError'{0x000000072e1fcf78}: 'int java.lang.invoke.DirectMethodHandle$Holder.invokeVirtual(java.lang.Object, java.lang.Object)'> (0x000000072e1fcf78) thrown at [./src/hotspot/share/interpreter/linkResolver.cpp, line 773]
Event: 3.257 Thread 0x000001a6278ef800 Implicit null exception at 0x000001a637ceb71a to 0x000001a637cebf58
Event: 3.282 Thread 0x000001a6278ef800 Implicit null exception at 0x000001a637ce4520 to 0x000001a637ce45d5

Events (20 events):
Event: 3.584 loading class java/beans/PropertyChangeListener
Event: 3.584 loading class java/beans/PropertyChangeListener done
Event: 3.584 loading class org/jetbrains/kotlin/com/intellij/openapi/editor/impl/DocumentImpl$1
Event: 3.584 loading class org/jetbrains/kotlin/com/intellij/openapi/editor/impl/DocumentImpl$1 done
Event: 3.585 loading class org/jetbrains/kotlin/com/intellij/util/text/ImmutableText$LeafNode
Event: 3.585 loading class org/jetbrains/kotlin/com/intellij/util/text/ImmutableText$LeafNode done
Event: 3.585 loading class org/jetbrains/kotlin/com/intellij/util/text/ImmutableText$Node
Event: 3.585 loading class org/jetbrains/kotlin/com/intellij/util/text/ImmutableText$Node done
Event: 3.585 loading class org/jetbrains/kotlin/com/intellij/util/text/ImmutableText$Leaf8BitNode
Event: 3.585 loading class org/jetbrains/kotlin/com/intellij/util/text/ImmutableText$Leaf8BitNode done
Event: 3.586 loading class org/jetbrains/kotlin/com/intellij/util/text/ImmutableText$WideLeafNode
Event: 3.586 loading class org/jetbrains/kotlin/com/intellij/util/text/ImmutableText$WideLeafNode done
Event: 3.586 loading class org/jetbrains/kotlin/com/intellij/util/text/ImmutableText$CompositeNode
Event: 3.586 loading class org/jetbrains/kotlin/com/intellij/util/text/ImmutableText$CompositeNode done
Event: 3.588 loading class org/jetbrains/kotlin/com/intellij/openapi/editor/impl/FrozenDocument
Event: 3.588 loading class org/jetbrains/kotlin/com/intellij/openapi/editor/impl/FrozenDocument done
Event: 3.588 loading class org/jetbrains/kotlin/com/intellij/injected/editor/DocumentWindow
Event: 3.588 loading class org/jetbrains/kotlin/com/intellij/injected/editor/DocumentWindow done
Event: 3.589 loading class org/jetbrains/kotlin/com/intellij/util/text/StringFactory
Event: 3.589 loading class org/jetbrains/kotlin/com/intellij/util/text/StringFactory done


Dynamic libraries:
0x00007ff681970000 - 0x00007ff68197d000 	C:\Program Files\Microsoft\jdk-11.0.18.10-hotspot\bin\java.exe
0x00007fffd8970000 - 0x00007fffd8b84000 	C:\WINDOWS\SYSTEM32\ntdll.dll
0x00007fffd7160000 - 0x00007fffd7222000 	C:\WINDOWS\System32\KERNEL32.DLL
0x00007fffd6050000 - 0x00007fffd63f3000 	C:\WINDOWS\System32\KERNELBASE.dll
0x00007fffd5f30000 - 0x00007fffd6041000 	C:\WINDOWS\System32\ucrtbase.dll
0x00007fff5c040000 - 0x00007fff5c057000 	C:\Program Files\Microsoft\jdk-11.0.18.10-hotspot\bin\jli.dll
0x00007fff5bdd0000 - 0x00007fff5bde5000 	C:\Program Files\Microsoft\jdk-11.0.18.10-hotspot\bin\VCRUNTIME140.dll
0x00007fffd8650000 - 0x00007fffd87fb000 	C:\WINDOWS\System32\USER32.dll
0x00007fffd5f00000 - 0x00007fffd5f26000 	C:\WINDOWS\System32\win32u.dll
0x00007fffc33b0000 - 0x00007fffc363e000 	C:\WINDOWS\WinSxS\amd64_microsoft.windows.common-controls_6595b64144ccf1df_6.0.22621.1635_none_270f70857386168e\COMCTL32.dll
0x00007fffd8400000 - 0x00007fffd8429000 	C:\WINDOWS\System32\GDI32.dll
0x00007fffd8520000 - 0x00007fffd85c7000 	C:\WINDOWS\System32\msvcrt.dll
0x00007fffd5d70000 - 0x00007fffd5e89000 	C:\WINDOWS\System32\gdi32full.dll
0x00007fffd6400000 - 0x00007fffd649a000 	C:\WINDOWS\System32\msvcp_win.dll
0x00007fffd6d00000 - 0x00007fffd6d31000 	C:\WINDOWS\System32\IMM32.DLL
0x00007fff45160000 - 0x00007fff451fb000 	C:\Program Files\Microsoft\jdk-11.0.18.10-hotspot\bin\msvcp140.dll
0x00007fff3b3d0000 - 0x00007fff3bf62000 	C:\Program Files\Microsoft\jdk-11.0.18.10-hotspot\bin\server\jvm.dll
0x00007fffd7c90000 - 0x00007fffd7d3e000 	C:\WINDOWS\System32\ADVAPI32.dll
0x00007fffd8350000 - 0x00007fffd83f4000 	C:\WINDOWS\System32\sechost.dll
0x00007fffd6d40000 - 0x00007fffd6e57000 	C:\WINDOWS\System32\RPCRT4.dll
0x00007fffd6c50000 - 0x00007fffd6c58000 	C:\WINDOWS\System32\PSAPI.DLL
0x00007fffcea40000 - 0x00007fffcea4a000 	C:\WINDOWS\SYSTEM32\VERSION.dll
0x00007fffbe080000 - 0x00007fffbe089000 	C:\WINDOWS\SYSTEM32\WSOCK32.dll
0x00007fffce8f0000 - 0x00007fffce924000 	C:\WINDOWS\SYSTEM32\WINMM.dll
0x00007fffd6c60000 - 0x00007fffd6cd1000 	C:\WINDOWS\System32\WS2_32.dll
0x00007fffd4dc0000 - 0x00007fffd4dd8000 	C:\WINDOWS\SYSTEM32\kernel.appcore.dll
0x00007fffaf510000 - 0x00007fffaf520000 	C:\Program Files\Microsoft\jdk-11.0.18.10-hotspot\bin\verify.dll
0x00007fffd37f0000 - 0x00007fffd3a1e000 	C:\WINDOWS\SYSTEM32\DBGHELP.DLL
0x00007fffd7db0000 - 0x00007fffd8139000 	C:\WINDOWS\System32\combase.dll
0x00007fffd7080000 - 0x00007fffd7157000 	C:\WINDOWS\System32\OLEAUT32.dll
0x00007fffc2670000 - 0x00007fffc26a2000 	C:\WINDOWS\SYSTEM32\dbgcore.DLL
0x00007fffd6560000 - 0x00007fffd65db000 	C:\WINDOWS\System32\bcryptPrimitives.dll
0x00007fff5ba30000 - 0x00007fff5ba58000 	C:\Program Files\Microsoft\jdk-11.0.18.10-hotspot\bin\java.dll
0x00007fffaf410000 - 0x00007fffaf41a000 	C:\Program Files\Microsoft\jdk-11.0.18.10-hotspot\bin\jimage.dll
0x00007fff5bdb0000 - 0x00007fff5bdc8000 	C:\Program Files\Microsoft\jdk-11.0.18.10-hotspot\bin\zip.dll
0x00007fffd7230000 - 0x00007fffd7a2a000 	C:\WINDOWS\System32\SHELL32.dll
0x00007fffd3d70000 - 0x00007fffd463e000 	C:\WINDOWS\SYSTEM32\windows.storage.dll
0x00007fffd3c30000 - 0x00007fffd3d6e000 	C:\WINDOWS\SYSTEM32\wintypes.dll
0x00007fffd8140000 - 0x00007fffd8231000 	C:\WINDOWS\System32\SHCORE.dll
0x00007fffd85d0000 - 0x00007fffd862e000 	C:\WINDOWS\System32\shlwapi.dll
0x00007fffd5ca0000 - 0x00007fffd5cc1000 	C:\WINDOWS\SYSTEM32\profapi.dll
0x00007fff5af60000 - 0x00007fff5af79000 	C:\Program Files\Microsoft\jdk-11.0.18.10-hotspot\bin\net.dll
0x00007fffcfd40000 - 0x00007fffcfe77000 	C:\WINDOWS\SYSTEM32\WINHTTP.dll
0x00007fffd5230000 - 0x00007fffd5299000 	C:\WINDOWS\system32\mswsock.dll
0x00007fff5af40000 - 0x00007fff5af53000 	C:\Program Files\Microsoft\jdk-11.0.18.10-hotspot\bin\nio.dll

dbghelp: loaded successfully - version: 4.0.5 - missing functions: none
symbol engine: initialized successfully - sym options: 0x614 - pdb path: .;C:\Program Files\Microsoft\jdk-11.0.18.10-hotspot\bin;C:\WINDOWS\SYSTEM32;C:\WINDOWS\WinSxS\amd64_microsoft.windows.common-controls_6595b64144ccf1df_6.0.22621.1635_none_270f70857386168e;C:\Program Files\Microsoft\jdk-11.0.18.10-hotspot\bin\server

VM Arguments:
java_command: org.jetbrains.kotlin.cli.jvm.K2JVMCompiler @D:\Travel-App\node_modules\react-native-gradle-plugin\build\20230715_9468651044810052895.compiler.options
java_class_path (initial): C:\Users\hriti\.gradle\caches\modules-2\files-2.1\org.jetbrains.kotlin\kotlin-compiler-embeddable\1.6.10\88f2073f4020cdb83132cfe940ceb9a60aba54ea\kotlin-compiler-embeddable-1.6.10.jar;C:\Users\hriti\.gradle\caches\modules-2\files-2.1\org.jetbrains.kotlin\kotlin-reflect\1.6.10\1cbe9c92c12a94eea200d23c2bbaedaf3daf5132\kotlin-reflect-1.6.10.jar;C:\Users\hriti\.gradle\caches\modules-2\files-2.1\org.jetbrains.kotlin\kotlin-stdlib\1.6.10\b8af3fe6f1ca88526914929add63cf5e7c5049af\kotlin-stdlib-1.6.10.jar;C:\Users\hriti\.gradle\caches\modules-2\files-2.1\org.jetbrains.kotlin\kotlin-script-runtime\1.6.10\d0a7ff2e2500ef497ed0214ae40ad3c8387a6164\kotlin-script-runtime-1.6.10.jar;C:\Users\hriti\.gradle\caches\modules-2\files-2.1\org.jetbrains.kotlin\kotlin-daemon-embeddable\1.6.10\a56d79bcbea411fa6058e4ecffc2de73e742bd2a\kotlin-daemon-embeddable-1.6.10.jar;C:\Users\hriti\.gradle\caches\modules-2\files-2.1\org.jetbrains.intellij.deps\trove4j\1.0.20181211\216c2e14b070f334479d800987affe4054cd563f\trove4j-1.0.20181211.jar;C:\Users\hriti\.gradle\caches\modules-2\files-2.1\net.java.dev.jna\jna\5.6.0\330f2244e9030119ab3030fc3fededc86713d9cc\jna-5.6.0.jar;C:\Users\hriti\.gradle\caches\modules-2\files-2.1\org.jetbrains\annotations\13.0\919f0dfe192fb4e063e7dacadee7f8bb9a2672a9\annotations-13.0.jar;C:\Users\hriti\.gradle\caches\modules-2\files-2.1\org.jetbrains.kotlin\kotlin-stdlib-common\1.6.10\c118700e3a33c8a0d9adc920e9dec0831171925\kotlin-stdlib-common-1.6.10.jar
Launcher Type: SUN_STANDARD

[Global flags]
     intx CICompilerCount                          = 12                                        {product} {ergonomic}
     uint ConcGCThreads                            = 3                                         {product} {ergonomic}
     uint G1ConcRefinementThreads                  = 13                                        {product} {ergonomic}
   size_t G1HeapRegionSize                         = 1048576                                   {product} {ergonomic}
    uintx GCDrainStackTargetSize                   = 64                                        {product} {ergonomic}
   size_t InitialHeapSize                          = 232783872                                 {product} {ergonomic}
   size_t MarkStackSize                            = 4194304                                   {product} {ergonomic}
   size_t MaxHeapSize                              = 3720347648                                {product} {ergonomic}
   size_t MaxNewSize                               = 2231369728                                {product} {ergonomic}
   size_t MinHeapDeltaBytes                        = 1048576                                   {product} {ergonomic}
    uintx NonNMethodCodeHeapSize                   = 7594288                                {pd product} {ergonomic}
    uintx NonProfiledCodeHeapSize                  = 122031976                              {pd product} {ergonomic}
    uintx ProfiledCodeHeapSize                     = 122031976                              {pd product} {ergonomic}
    uintx ReservedCodeCacheSize                    = 251658240                              {pd product} {ergonomic}
     bool SegmentedCodeCache                       = true                                      {product} {ergonomic}
     bool UseCompressedClassPointers               = true                                 {lp64_product} {ergonomic}
     bool UseCompressedOops                        = true                                 {lp64_product} {ergonomic}
     bool UseG1GC                                  = true                                      {product} {ergonomic}
     bool UseLargePagesIndividualAllocation        = false                                  {pd product} {ergonomic}

Logging:
Log output configuration:
 #0: stdout all=warning uptime,level,tags
 #1: stderr all=off uptime,level,tags

Environment Variables:
JAVA_HOME=C:\Program Files\Microsoft\jdk-11.0.18.10-hotspot\
CLASSPATH=D:\Travel-App\android\\gradle\wrapper\gradle-wrapper.jar
PATH=D:\Travel-App\android\node_modules\.bin;D:\Travel-App\node_modules\.bin;D:\node_modules\.bin;C:\Program Files\nodejs;D:\Travel-App\node_modules\.bin;D:\node_modules\.bin;C:\Program Files\nodejs\node_modules\npm\node_modules\@npmcli\run-script\lib\node-gyp-bin;C:\Program Files\Microsoft\jdk-11.0.18.10-hotspot\bin;C:\Program Files\Common Files\Oracle\Java\javapath;C:\Windows\system32;C:\Windows;C:\Windows\System32\Wbem;C:\Windows\System32\WindowsPowerShell\v1.0\;C:\Windows\System32\OpenSSH\;C:\Program Files (x86)\NVIDIA Corporation\PhysX\Common;C:\Program Files\NVIDIA Corporation\NVIDIA NvDLISR;C:\Program Files\Git\cmd;C:\WINDOWS\system32;C:\WINDOWS;C:\WINDOWS\System32\Wbem;C:\WINDOWS\System32\WindowsPowerShell\v1.0\;C:\WINDOWS\System32\OpenSSH\;C:\ProgramData\chocolatey\bin;C:\Program Files\nodejs\;C:\Users\hriti\AppData\Local\Android\Sdk\platform-tools;C:\Users\hriti\AppData\Local\Programs\Python\Python311\Scripts\;C:\Users\hriti\AppData\Local\Programs\Python\Python311\;C:\Users\hriti\AppData\Local\Microsoft\WindowsApps;C:\Users\hriti\AppData\Local\Programs\Microsoft VS Code\bin;C:\Users\hriti\mongosh-1.10.1-win32-x64\mongosh-1.10.1-win32-x64\bin\mongosh.exe;C:\Users\hriti\AppData\Roaming\npm
USERNAME=hritik
OS=Windows_NT
PROCESSOR_IDENTIFIER=AMD64 Family 25 Model 80 Stepping 0, AuthenticAMD
TMP=C:\Users\hriti\AppData\Local\Temp
TEMP=C:\Users\hriti\AppData\Local\Temp



---------------  S Y S T E M  ---------------

OS: Windows 11 , 64 bit Build 22621 (10.0.22621.1778)
OS uptime: 2 days 23:34 hours

CPU:total 16 (initial active 16) (16 cores per cpu, 2 threads per core) family 25 model 80 stepping 0 microcode 0x0, cmov, cx8, fxsr, mmx, sse, sse2, sse3, ssse3, sse4.1, sse4.2, popcnt, avx, avx2, aes, clmul, erms, mmxext, 3dnowpref, lzcnt, sse4a, ht, tsc, tscinvbit, tscinv, bmi1, bmi2, adx, sha, fma

Memory: 4k page, system-wide physical 14188M (2498M free)
TotalPageFile size 16236M (AvailPageFile size 2M)
current process WorkingSet (physical memory assigned to process): 238M, peak: 238M
current process commit charge ("private bytes"): 424M, peak: 424M

vm_info: OpenJDK 64-Bit Server VM (11.0.18+10-LTS) for windows-amd64 JRE (11.0.18+10-LTS), built on Jan 18 2023 15:56:47 by "MicrosoftCorporation" with MS VC++ 15.9 (VS2017)

END.
