#
# There is insufficient memory for the Java Runtime Environment to continue.
# Native memory allocation (malloc) failed to allocate 32744 bytes for ChunkPool::allocate
# Possible reasons:
#   The system is out of physical RAM or swap space
#   The process is running with CompressedOops enabled, and the Java Heap may be blocking the growth of the native heap
# Possible solutions:
#   Reduce memory load on the system
#   Increase physical memory or swap space
#   Check if swap backing store is full
#   Decrease Java heap size (-Xmx/-Xms)
#   Decrease number of Java threads
#   Decrease Java thread stack sizes (-Xss)
#   Set larger code cache with -XX:ReservedCodeCacheSize=
#   JVM is running with Unscaled Compressed Oops mode in which the Java heap is
#     placed in the first 4GB address space. The Java Heap base address is the
#     maximum limit for the native heap growth. Please use -XX:HeapBaseMinAddress
#     to set the Java Heap base and to place the Java Heap above 4GB virtual address.
# This output file may be truncated or incomplete.
#
#  Out of Memory Error (./src/hotspot/share/memory/arena.cpp:81), pid=13528, tid=928
#
# JRE version: OpenJDK Runtime Environment Microsoft-7208460 (11.0.18+10) (build 11.0.18+10-LTS)
# Java VM: OpenJDK 64-Bit Server VM Microsoft-7208460 (11.0.18+10-LTS, mixed mode, tiered, compressed oops, g1 gc, windows-amd64)
# No core dump will be written. Minidumps are not enabled by default on client versions of Windows
#

---------------  S U M M A R Y ------------

Command Line: -XX:MaxMetaspaceSize=512m --add-opens=java.base/java.util=ALL-UNNAMED --add-opens=java.base/java.lang=ALL-UNNAMED --add-opens=java.base/java.lang.invoke=ALL-UNNAMED --add-opens=java.base/java.util=ALL-UNNAMED --add-opens=java.prefs/java.util.prefs=ALL-UNNAMED --add-opens=java.prefs/java.util.prefs=ALL-UNNAMED --add-opens=java.base/java.nio.charset=ALL-UNNAMED --add-opens=java.base/java.net=ALL-UNNAMED --add-opens=java.base/java.util.concurrent.atomic=ALL-UNNAMED -Xmx2048m -Dfile.encoding=windows-1252 -Duser.country=US -Duser.language=en -Duser.variant org.gradle.launcher.daemon.bootstrap.GradleDaemon 7.3.3

Host: AMD Ryzen 7 5800H with Radeon Graphics         , 16 cores, 13G,  Windows 11 , 64 bit Build 22621 (10.0.22621.1778)
Time: Sat Jul 15 11:38:26 2023 India Standard Time elapsed time: 21.637463 seconds (0d 0h 0m 21s)

---------------  T H R E A D  ---------------

Current thread (0x00000251970ab800):  JavaThread "C2 CompilerThread1" daemon [_thread_in_native, id=928, stack(0x0000009dd2100000,0x0000009dd2200000)]


Current CompileTask:
C2:  21637 8330       4       java.lang.invoke.InvokerBytecodeGenerator::emitImplicitConversion (159 bytes)

Stack: [0x0000009dd2100000,0x0000009dd2200000]
Native frames: (J=compiled Java code, j=interpreted, Vv=VM code, C=native code)
V  [jvm.dll+0x62bf8a]
V  [jvm.dll+0x7b8fb9]
V  [jvm.dll+0x7ba6a8]
V  [jvm.dll+0x7bad83]
V  [jvm.dll+0x250248]
V  [jvm.dll+0xc286b]
V  [jvm.dll+0xc2bcc]
V  [jvm.dll+0xc271b]
V  [jvm.dll+0x60978f]
V  [jvm.dll+0x65cf94]
V  [jvm.dll+0x19eead]
V  [jvm.dll+0x209495]
V  [jvm.dll+0x20850d]
V  [jvm.dll+0x18a4b1]
V  [jvm.dll+0x217eec]
V  [jvm.dll+0x21612b]
V  [jvm.dll+0x77bac0]
V  [jvm.dll+0x7749f4]
V  [jvm.dll+0x62adf5]
C  [ucrtbase.dll+0x29363]
C  [KERNEL32.DLL+0x126ad]
C  [ntdll.dll+0x5a9f8]


---------------  P R O C E S S  ---------------

Threads class SMR info:
_java_thread_list=0x0000025194dee7a0, length=135, elements={
0x00000251ee8be000, 0x0000025191022800, 0x000002519102b800, 0x0000025191081800,
0x0000025191082800, 0x0000025191084000, 0x0000025191089000, 0x0000025191095000,
0x00000251910a9000, 0x0000025191205000, 0x0000025193264000, 0x0000025192b3d800,
0x000002519135b000, 0x000002519338c000, 0x000002519338d000, 0x0000025193a64800,
0x0000025193a68000, 0x0000025193d43800, 0x00000251937df800, 0x0000025193b78800,
0x0000025193380000, 0x0000025193382800, 0x0000025193383800, 0x0000025193385000,
0x000002519337f800, 0x0000025193386000, 0x0000025193384000, 0x0000025193381000,
0x0000025193381800, 0x0000025193c2f000, 0x0000025193c34000, 0x0000025193c33000,
0x0000025193c30800, 0x0000025193c30000, 0x0000025193c32800, 0x00000251911e0800,
0x0000025193c2e000, 0x0000025193c35000, 0x0000025193c39800, 0x0000025193c35800,
0x0000025193c3c000, 0x0000025193c38000, 0x0000025193c39000, 0x0000025193c36800,
0x0000025193c3a800, 0x0000025193c3b800, 0x0000025193c3d000, 0x0000025193c37000,
0x0000025191a24000, 0x0000025191a24800, 0x0000025191a25800, 0x0000025191a29000,
0x0000025191a28000, 0x0000025191a26800, 0x0000025191a2b800, 0x0000025191a27000,
0x0000025191a2d800, 0x0000025191a2a800, 0x0000025191a2c000, 0x0000025191a2d000,
0x0000025191a2f800, 0x0000025191a29800, 0x0000025191a2e800, 0x0000025191a32000,
0x0000025191a30000, 0x0000025191a31000, 0x0000025191a32800, 0x00000251971e9000,
0x00000251971ea000, 0x00000251971e6800, 0x00000251971e7800, 0x00000251971e4800,
0x00000251971eb000, 0x00000251971e8800, 0x00000251971e5000, 0x00000251971eb800,
0x00000251971e6000, 0x00000251971ec800, 0x00000251971ef000, 0x00000251971ef800,
0x00000251971f0800, 0x00000251971f3000, 0x00000251971f1800, 0x00000251971f2000,
0x00000251971ed000, 0x00000251971ee000, 0x00000251982d9000, 0x0000025198659800,
0x0000025198657000, 0x0000025198655800, 0x0000025198654800, 0x000002519865a000,
0x000002519865b000, 0x000002519865c000, 0x0000025198656000, 0x0000025198657800,
0x000002519865e800, 0x0000025198658800, 0x000002519865c800, 0x0000025198660800,
0x000002519865f000, 0x000002519865d800, 0x0000025198661800, 0x0000025198662800,
0x0000025198663000, 0x0000025198660000, 0x0000025199974800, 0x0000025199976000,
0x0000025199977000, 0x0000025199975800, 0x0000025199979800, 0x0000025199978800,
0x0000025199973800, 0x0000025199978000, 0x000002519997e800, 0x000002519997f000,
0x000002519997c800, 0x000002519997d800, 0x000002519997a000, 0x0000025199980000,
0x0000025199981000, 0x000002519997c000, 0x000002519997b000, 0x0000025199981800,
0x0000025199982800, 0x00000251984e6800, 0x00000251984e7800, 0x00000251984eb800,
0x00000251984ea000, 0x00000251984e5800, 0x00000251970ab800, 0x00000251984ec000,
0x00000251984ea800, 0x00000251984ed000, 0x00000251970a9000
}

Java Threads: ( => current thread )
  0x00000251ee8be000 JavaThread "main" [_thread_blocked, id=20056, stack(0x0000009dcb100000,0x0000009dcb200000)]
  0x0000025191022800 JavaThread "Reference Handler" daemon [_thread_blocked, id=11988, stack(0x0000009dcb800000,0x0000009dcb900000)]
  0x000002519102b800 JavaThread "Finalizer" daemon [_thread_blocked, id=14460, stack(0x0000009dcb900000,0x0000009dcba00000)]
  0x0000025191081800 JavaThread "Signal Dispatcher" daemon [_thread_blocked, id=19076, stack(0x0000009dcba00000,0x0000009dcbb00000)]
  0x0000025191082800 JavaThread "Attach Listener" daemon [_thread_blocked, id=4340, stack(0x0000009dcbb00000,0x0000009dcbc00000)]
  0x0000025191084000 JavaThread "Service Thread" daemon [_thread_blocked, id=6012, stack(0x0000009dcbc00000,0x0000009dcbd00000)]
  0x0000025191089000 JavaThread "C2 CompilerThread0" daemon [_thread_in_native, id=5028, stack(0x0000009dcbd00000,0x0000009dcbe00000)]
  0x0000025191095000 JavaThread "C1 CompilerThread0" daemon [_thread_blocked, id=13564, stack(0x0000009dcbe00000,0x0000009dcbf00000)]
  0x00000251910a9000 JavaThread "Sweeper thread" daemon [_thread_blocked, id=7128, stack(0x0000009dcbf00000,0x0000009dcc000000)]
  0x0000025191205000 JavaThread "Common-Cleaner" daemon [_thread_blocked, id=13072, stack(0x0000009dcc100000,0x0000009dcc200000)]
  0x0000025193264000 JavaThread "Daemon health stats" [_thread_blocked, id=23260, stack(0x0000009dccb00000,0x0000009dccc00000)]
  0x0000025192b3d800 JavaThread "Incoming local TCP Connector on port 56525" [_thread_in_native, id=3356, stack(0x0000009dcc400000,0x0000009dcc500000)]
  0x000002519135b000 JavaThread "Daemon periodic checks" [_thread_blocked, id=11832, stack(0x0000009dccc00000,0x0000009dccd00000)]
  0x000002519338c000 JavaThread "Daemon" [_thread_blocked, id=18292, stack(0x0000009dccd00000,0x0000009dcce00000)]
  0x000002519338d000 JavaThread "Handler for socket connection from /127.0.0.1:56525 to /127.0.0.1:56526" [_thread_in_native, id=21416, stack(0x0000009dcce00000,0x0000009dccf00000)]
  0x0000025193a64800 JavaThread "Cancel handler" [_thread_blocked, id=11044, stack(0x0000009dccf00000,0x0000009dcd000000)]
  0x0000025193a68000 JavaThread "Daemon worker" [_thread_blocked, id=844, stack(0x0000009dcd000000,0x0000009dcd100000)]
  0x0000025193d43800 JavaThread "Asynchronous log dispatcher for DefaultDaemonConnection: socket connection from /127.0.0.1:56525 to /127.0.0.1:56526" [_thread_blocked, id=9672, stack(0x0000009dcd100000,0x0000009dcd200000)]
  0x00000251937df800 JavaThread "Stdin handler" [_thread_blocked, id=17800, stack(0x0000009dcd200000,0x0000009dcd300000)]
  0x0000025193b78800 JavaThread "Daemon client event forwarder" [_thread_blocked, id=12420, stack(0x0000009dcd300000,0x0000009dcd400000)]
  0x0000025193380000 JavaThread "Cache worker for journal cache (C:\Users\hriti\.gradle\caches\journal-1)" [_thread_blocked, id=9960, stack(0x0000009dcd400000,0x0000009dcd500000)]
  0x0000025193382800 JavaThread "File lock request listener" [_thread_in_native, id=12624, stack(0x0000009dcd500000,0x0000009dcd600000)]
  0x0000025193383800 JavaThread "Cache worker for file hash cache (C:\Users\hriti\.gradle\caches\7.3.3\fileHashes)" [_thread_blocked, id=16740, stack(0x0000009dcd600000,0x0000009dcd700000)]
  0x0000025193385000 JavaThread "Cache worker for file hash cache (D:\Travel-App\android\.gradle\7.3.3\fileHashes)" [_thread_blocked, id=17056, stack(0x0000009dce100000,0x0000009dce200000)]
  0x000002519337f800 JavaThread "File watcher server" daemon [_thread_in_native, id=23372, stack(0x0000009dce300000,0x0000009dce400000)]
  0x0000025193386000 JavaThread "File watcher consumer" daemon [_thread_blocked, id=3472, stack(0x0000009dce400000,0x0000009dce500000)]
  0x0000025193384000 JavaThread "Cache worker for checksums cache (D:\Travel-App\android\.gradle\7.3.3\checksums)" [_thread_blocked, id=6512, stack(0x0000009dce500000,0x0000009dce600000)]
  0x0000025193381000 JavaThread "Cache worker for cache directory md-supplier (C:\Users\hriti\.gradle\caches\7.3.3\md-supplier)" [_thread_blocked, id=13904, stack(0x0000009dce600000,0x0000009dce700000)]
  0x0000025193381800 JavaThread "Cache worker for cache directory md-rule (C:\Users\hriti\.gradle\caches\7.3.3\md-rule)" [_thread_blocked, id=8492, stack(0x0000009dce700000,0x0000009dce800000)]
  0x0000025193c2f000 JavaThread "Cache worker for execution history cache (C:\Users\hriti\.gradle\caches\7.3.3\executionHistory)" [_thread_blocked, id=18012, stack(0x0000009dce800000,0x0000009dce900000)]
  0x0000025193c34000 JavaThread "jar transforms" [_thread_blocked, id=9040, stack(0x0000009dceb00000,0x0000009dcec00000)]
  0x0000025193c33000 JavaThread "jar transforms Thread 2" [_thread_blocked, id=19152, stack(0x0000009dcec00000,0x0000009dced00000)]
  0x0000025193c30800 JavaThread "Cache worker for file content cache (C:\Users\hriti\.gradle\caches\7.3.3\fileContent)" [_thread_blocked, id=23116, stack(0x0000009dced00000,0x0000009dcee00000)]
  0x0000025193c30000 JavaThread "jar transforms Thread 3" [_thread_blocked, id=22112, stack(0x0000009dcee00000,0x0000009dcef00000)]
  0x0000025193c32800 JavaThread "jar transforms Thread 4" [_thread_blocked, id=12460, stack(0x0000009dcef00000,0x0000009dcf000000)]
  0x00000251911e0800 JavaThread "C1 CompilerThread1" daemon [_thread_blocked, id=16084, stack(0x0000009dcc000000,0x0000009dcc100000)]
  0x0000025193c2e000 JavaThread "Cache worker for kotlin-dsl (C:\Users\hriti\.gradle\caches\7.3.3\kotlin-dsl)" [_thread_blocked, id=24064, stack(0x0000009dcc600000,0x0000009dcc700000)]
  0x0000025193c35000 JavaThread "jar transforms Thread 5" [_thread_blocked, id=6216, stack(0x0000009dce900000,0x0000009dcea00000)]
  0x0000025193c39800 JavaThread "jar transforms Thread 6" [_thread_blocked, id=20432, stack(0x0000009dcea00000,0x0000009dceb00000)]
  0x0000025193c35800 JavaThread "Cache worker for dependencies-accessors (D:\Travel-App\android\.gradle\7.3.3\dependencies-accessors)" [_thread_blocked, id=4304, stack(0x0000009dcf000000,0x0000009dcf100000)]
  0x0000025193c3c000 JavaThread "Cache worker for Build Output Cleanup Cache (D:\Travel-App\node_modules\react-native-gradle-plugin\.gradle\buildOutputCleanup)" [_thread_blocked, id=4080, stack(0x0000009dcf100000,0x0000009dcf200000)]
  0x0000025193c38000 JavaThread "jar transforms Thread 7" [_thread_blocked, id=1696, stack(0x0000009dcf200000,0x0000009dcf300000)]
  0x0000025193c39000 JavaThread "Unconstrained build operations" [_thread_blocked, id=24440, stack(0x0000009dce200000,0x0000009dce300000)]
  0x0000025193c36800 JavaThread "Unconstrained build operations Thread 2" [_thread_blocked, id=10572, stack(0x0000009dcf300000,0x0000009dcf400000)]
  0x0000025193c3a800 JavaThread "Unconstrained build operations Thread 3" [_thread_blocked, id=6052, stack(0x0000009dcf400000,0x0000009dcf500000)]
  0x0000025193c3b800 JavaThread "Unconstrained build operations Thread 4" [_thread_blocked, id=12444, stack(0x0000009dcf500000,0x0000009dcf600000)]
  0x0000025193c3d000 JavaThread "Unconstrained build operations Thread 5" [_thread_blocked, id=21148, stack(0x0000009dcf600000,0x0000009dcf700000)]
  0x0000025193c37000 JavaThread "Unconstrained build operations Thread 6" [_thread_blocked, id=9520, stack(0x0000009dcf700000,0x0000009dcf800000)]
  0x0000025191a24000 JavaThread "Unconstrained build operations Thread 7" [_thread_blocked, id=19800, stack(0x0000009dcf800000,0x0000009dcf900000)]
  0x0000025191a24800 JavaThread "Unconstrained build operations Thread 8" [_thread_blocked, id=11384, stack(0x0000009dcf900000,0x0000009dcfa00000)]
  0x0000025191a25800 JavaThread "Unconstrained build operations Thread 9" [_thread_blocked, id=1848, stack(0x0000009dcfa00000,0x0000009dcfb00000)]
  0x0000025191a29000 JavaThread "Unconstrained build operations Thread 10" [_thread_blocked, id=21380, stack(0x0000009dcfb00000,0x0000009dcfc00000)]
  0x0000025191a28000 JavaThread "Unconstrained build operations Thread 11" [_thread_blocked, id=4052, stack(0x0000009dcfc00000,0x0000009dcfd00000)]
  0x0000025191a26800 JavaThread "Unconstrained build operations Thread 12" [_thread_blocked, id=7136, stack(0x0000009dcfd00000,0x0000009dcfe00000)]
  0x0000025191a2b800 JavaThread "Unconstrained build operations Thread 13" [_thread_blocked, id=19888, stack(0x0000009dcfe00000,0x0000009dcff00000)]
  0x0000025191a27000 JavaThread "Unconstrained build operations Thread 14" [_thread_blocked, id=23360, stack(0x0000009dcff00000,0x0000009dd0000000)]
  0x0000025191a2d800 JavaThread "Unconstrained build operations Thread 15" [_thread_blocked, id=1212, stack(0x0000009dd0000000,0x0000009dd0100000)]
  0x0000025191a2a800 JavaThread "Unconstrained build operations Thread 16" [_thread_blocked, id=3200, stack(0x0000009dd0100000,0x0000009dd0200000)]
  0x0000025191a2c000 JavaThread "Unconstrained build operations Thread 17" [_thread_blocked, id=3280, stack(0x0000009dd0200000,0x0000009dd0300000)]
  0x0000025191a2d000 JavaThread "Unconstrained build operations Thread 18" [_thread_blocked, id=17340, stack(0x0000009dd0300000,0x0000009dd0400000)]
  0x0000025191a2f800 JavaThread "Unconstrained build operations Thread 19" [_thread_blocked, id=18964, stack(0x0000009dd0400000,0x0000009dd0500000)]
  0x0000025191a29800 JavaThread "Unconstrained build operations Thread 20" [_thread_blocked, id=7372, stack(0x0000009dd0500000,0x0000009dd0600000)]
  0x0000025191a2e800 JavaThread "Unconstrained build operations Thread 21" [_thread_blocked, id=6440, stack(0x0000009dd0600000,0x0000009dd0700000)]
  0x0000025191a32000 JavaThread "Unconstrained build operations Thread 22" [_thread_blocked, id=24104, stack(0x0000009dd0700000,0x0000009dd0800000)]
  0x0000025191a30000 JavaThread "Unconstrained build operations Thread 23" [_thread_blocked, id=18236, stack(0x0000009dd0800000,0x0000009dd0900000)]
  0x0000025191a31000 JavaThread "Unconstrained build operations Thread 24" [_thread_blocked, id=10972, stack(0x0000009dd0900000,0x0000009dd0a00000)]
  0x0000025191a32800 JavaThread "Unconstrained build operations Thread 25" [_thread_blocked, id=16600, stack(0x0000009dd0a00000,0x0000009dd0b00000)]
  0x00000251971e9000 JavaThread "Unconstrained build operations Thread 26" [_thread_blocked, id=22652, stack(0x0000009dd0b00000,0x0000009dd0c00000)]
  0x00000251971ea000 JavaThread "Unconstrained build operations Thread 27" [_thread_blocked, id=18216, stack(0x0000009dd0c00000,0x0000009dd0d00000)]
  0x00000251971e6800 JavaThread "Unconstrained build operations Thread 28" [_thread_blocked, id=19548, stack(0x0000009dd0d00000,0x0000009dd0e00000)]
  0x00000251971e7800 JavaThread "Unconstrained build operations Thread 29" [_thread_blocked, id=14808, stack(0x0000009dd0e00000,0x0000009dd0f00000)]
  0x00000251971e4800 JavaThread "Unconstrained build operations Thread 30" [_thread_blocked, id=12576, stack(0x0000009dd0f00000,0x0000009dd1000000)]
  0x00000251971eb000 JavaThread "Unconstrained build operations Thread 31" [_thread_blocked, id=8968, stack(0x0000009dd1000000,0x0000009dd1100000)]
  0x00000251971e8800 JavaThread "Unconstrained build operations Thread 32" [_thread_blocked, id=15544, stack(0x0000009dd1100000,0x0000009dd1200000)]
  0x00000251971e5000 JavaThread "Unconstrained build operations Thread 33" [_thread_blocked, id=19680, stack(0x0000009dd1200000,0x0000009dd1300000)]
  0x00000251971eb800 JavaThread "jar transforms Thread 8" [_thread_blocked, id=20848, stack(0x0000009dd1300000,0x0000009dd1400000)]
  0x00000251971e6000 JavaThread "jar transforms Thread 9" [_thread_blocked, id=4468, stack(0x0000009dd1400000,0x0000009dd1500000)]
  0x00000251971ec800 JavaThread "jar transforms Thread 10" [_thread_blocked, id=17528, stack(0x0000009dd1500000,0x0000009dd1600000)]
  0x00000251971ef000 JavaThread "jar transforms Thread 11" [_thread_blocked, id=15172, stack(0x0000009dd1600000,0x0000009dd1700000)]
  0x00000251971ef800 JavaThread "jar transforms Thread 12" [_thread_blocked, id=17264, stack(0x0000009dd1700000,0x0000009dd1800000)]
  0x00000251971f0800 JavaThread "jar transforms Thread 13" [_thread_blocked, id=24572, stack(0x0000009dd1800000,0x0000009dd1900000)]
  0x00000251971f3000 JavaThread "jar transforms Thread 14" [_thread_blocked, id=5652, stack(0x0000009dd1900000,0x0000009dd1a00000)]
  0x00000251971f1800 JavaThread "jar transforms Thread 15" [_thread_blocked, id=16836, stack(0x0000009dd1a00000,0x0000009dd1b00000)]
  0x00000251971f2000 JavaThread "jar transforms Thread 16" [_thread_blocked, id=23600, stack(0x0000009dd1b00000,0x0000009dd1c00000)]
  0x00000251971ed000 JavaThread "build event listener" [_thread_blocked, id=12300, stack(0x0000009dd1c00000,0x0000009dd1d00000)]
  0x00000251971ee000 JavaThread "Memory manager" [_thread_blocked, id=17284, stack(0x0000009dd1d00000,0x0000009dd1e00000)]
  0x00000251982d9000 JavaThread "C1 CompilerThread2" daemon [_thread_blocked, id=24364, stack(0x0000009dcc300000,0x0000009dcc400000)]
  0x0000025198659800 JavaThread "Cache worker for Build Output Cleanup Cache (D:\Travel-App\android\.gradle\buildOutputCleanup)" [_thread_blocked, id=22328, stack(0x0000009dd2000000,0x0000009dd2100000)]
  0x0000025198657000 JavaThread "included builds" [_thread_blocked, id=15036, stack(0x0000009dd2300000,0x0000009dd2400000)]
  0x0000025198655800 JavaThread "Execution worker for ':react-native-gradle-plugin'" [_thread_blocked, id=14072, stack(0x0000009dd2400000,0x0000009dd2500000)]
  0x0000025198654800 JavaThread "Execution worker for ':react-native-gradle-plugin' Thread 2" [_thread_blocked, id=15524, stack(0x0000009dd2500000,0x0000009dd2600000)]
  0x000002519865a000 JavaThread "Execution worker for ':react-native-gradle-plugin' Thread 3" [_thread_blocked, id=1612, stack(0x0000009dd2600000,0x0000009dd2700000)]
  0x000002519865b000 JavaThread "Execution worker for ':react-native-gradle-plugin' Thread 4" [_thread_blocked, id=8256, stack(0x0000009dd2700000,0x0000009dd2800000)]
  0x000002519865c000 JavaThread "Execution worker for ':react-native-gradle-plugin' Thread 5" [_thread_blocked, id=17276, stack(0x0000009dd2800000,0x0000009dd2900000)]
  0x0000025198656000 JavaThread "Execution worker for ':react-native-gradle-plugin' Thread 6" [_thread_blocked, id=17904, stack(0x0000009dd2900000,0x0000009dd2a00000)]
  0x0000025198657800 JavaThread "Execution worker for ':react-native-gradle-plugin' Thread 7" [_thread_blocked, id=12088, stack(0x0000009dd2a00000,0x0000009dd2b00000)]
  0x000002519865e800 JavaThread "Execution worker for ':react-native-gradle-plugin' Thread 8" [_thread_blocked, id=20292, stack(0x0000009dd2b00000,0x0000009dd2c00000)]
  0x0000025198658800 JavaThread "Execution worker for ':react-native-gradle-plugin' Thread 9" [_thread_in_native, id=1260, stack(0x0000009dd2c00000,0x0000009dd2d00000)]
  0x000002519865c800 JavaThread "Execution worker for ':react-native-gradle-plugin' Thread 10" [_thread_blocked, id=11060, stack(0x0000009dd2d00000,0x0000009dd2e00000)]
  0x0000025198660800 JavaThread "Execution worker for ':react-native-gradle-plugin' Thread 11" [_thread_blocked, id=9836, stack(0x0000009dd2e00000,0x0000009dd2f00000)]
  0x000002519865f000 JavaThread "Execution worker for ':react-native-gradle-plugin' Thread 12" [_thread_blocked, id=11676, stack(0x0000009dd2f00000,0x0000009dd3000000)]
  0x000002519865d800 JavaThread "Execution worker for ':react-native-gradle-plugin' Thread 13" [_thread_blocked, id=23052, stack(0x0000009dd3000000,0x0000009dd3100000)]
  0x0000025198661800 JavaThread "Execution worker for ':react-native-gradle-plugin' Thread 14" [_thread_blocked, id=14624, stack(0x0000009dd3100000,0x0000009dd3200000)]
  0x0000025198662800 JavaThread "Execution worker for ':react-native-gradle-plugin' Thread 15" [_thread_blocked, id=19260, stack(0x0000009dd3200000,0x0000009dd3300000)]
  0x0000025198663000 JavaThread "Cache worker for execution history cache (D:\Travel-App\node_modules\react-native-gradle-plugin\.gradle\7.3.3\executionHistory)" [_thread_blocked, id=3984, stack(0x0000009dd3300000,0x0000009dd3400000)]
  0x0000025198660000 JavaThread "Unconstrained build operations Thread 34" [_thread_blocked, id=14444, stack(0x0000009dd3400000,0x0000009dd3500000)]
  0x0000025199974800 JavaThread "Unconstrained build operations Thread 35" [_thread_blocked, id=13720, stack(0x0000009dd3500000,0x0000009dd3600000)]
  0x0000025199976000 JavaThread "Unconstrained build operations Thread 36" [_thread_blocked, id=18000, stack(0x0000009dd3600000,0x0000009dd3700000)]
  0x0000025199977000 JavaThread "Unconstrained build operations Thread 37" [_thread_blocked, id=16476, stack(0x0000009dd3700000,0x0000009dd3800000)]
  0x0000025199975800 JavaThread "Unconstrained build operations Thread 38" [_thread_blocked, id=13080, stack(0x0000009dd3800000,0x0000009dd3900000)]
  0x0000025199979800 JavaThread "Unconstrained build operations Thread 39" [_thread_blocked, id=11136, stack(0x0000009dd3900000,0x0000009dd3a00000)]
  0x0000025199978800 JavaThread "Unconstrained build operations Thread 40" [_thread_blocked, id=11024, stack(0x0000009dd3a00000,0x0000009dd3b00000)]
  0x0000025199973800 JavaThread "Unconstrained build operations Thread 41" [_thread_blocked, id=21360, stack(0x0000009dd3b00000,0x0000009dd3c00000)]
  0x0000025199978000 JavaThread "Unconstrained build operations Thread 42" [_thread_blocked, id=5940, stack(0x0000009dd3c00000,0x0000009dd3d00000)]
  0x000002519997e800 JavaThread "Unconstrained build operations Thread 43" [_thread_blocked, id=10844, stack(0x0000009dd3d00000,0x0000009dd3e00000)]
  0x000002519997f000 JavaThread "Unconstrained build operations Thread 44" [_thread_blocked, id=21244, stack(0x0000009dd3e00000,0x0000009dd3f00000)]
  0x000002519997c800 JavaThread "Unconstrained build operations Thread 45" [_thread_blocked, id=11516, stack(0x0000009dd3f00000,0x0000009dd4000000)]
  0x000002519997d800 JavaThread "Unconstrained build operations Thread 46" [_thread_blocked, id=23312, stack(0x0000009dd4000000,0x0000009dd4100000)]
  0x000002519997a000 JavaThread "Unconstrained build operations Thread 47" [_thread_blocked, id=9212, stack(0x0000009dd4100000,0x0000009dd4200000)]
  0x0000025199980000 JavaThread "Unconstrained build operations Thread 48" [_thread_blocked, id=11204, stack(0x0000009dd4200000,0x0000009dd4300000)]
  0x0000025199981000 JavaThread "Unconstrained build operations Thread 49" [_thread_blocked, id=24496, stack(0x0000009dd4300000,0x0000009dd4400000)]
  0x000002519997c000 JavaThread "Unconstrained build operations Thread 50" [_thread_blocked, id=23860, stack(0x0000009dd4400000,0x0000009dd4500000)]
  0x000002519997b000 JavaThread "Unconstrained build operations Thread 51" [_thread_blocked, id=13008, stack(0x0000009dd4500000,0x0000009dd4600000)]
  0x0000025199981800 JavaThread "Unconstrained build operations Thread 52" [_thread_blocked, id=23500, stack(0x0000009dd4600000,0x0000009dd4700000)]
  0x0000025199982800 JavaThread "Unconstrained build operations Thread 53" [_thread_blocked, id=2780, stack(0x0000009dd4700000,0x0000009dd4800000)]
  0x00000251984e6800 JavaThread "Unconstrained build operations Thread 54" [_thread_blocked, id=8172, stack(0x0000009dd4800000,0x0000009dd4900000)]
  0x00000251984e7800 JavaThread "Unconstrained build operations Thread 55" [_thread_blocked, id=12572, stack(0x0000009dd4900000,0x0000009dd4a00000)]
  0x00000251984eb800 JavaThread "RMI Scheduler(0)" daemon [_thread_blocked, id=19300, stack(0x0000009dcc500000,0x0000009dcc600000)]
  0x00000251984ea000 JavaThread "RMI RenewClean-[127.0.0.1:17294,org.jetbrains.kotlin.daemon.common.LoopbackNetworkInterface$ClientLoopbackSocketFactory@6c1c0048]" daemon [_thread_blocked, id=12932, stack(0x0000009dd1e00000,0x0000009dd1f00000)]
  0x00000251984e5800 JavaThread "RMI GC Daemon" daemon [_thread_blocked, id=6168, stack(0x0000009dd1f00000,0x0000009dd2000000)]
=>0x00000251970ab800 JavaThread "C2 CompilerThread1" daemon [_thread_in_native, id=928, stack(0x0000009dd2100000,0x0000009dd2200000)]
  0x00000251984ec000 JavaThread "RMI TCP Accept-0" daemon [_thread_in_native, id=4060, stack(0x0000009dd2200000,0x0000009dd2300000)]
  0x00000251984ea800 JavaThread "RMI Reaper" [_thread_blocked, id=6952, stack(0x0000009dd4a00000,0x0000009dd4b00000)]
  0x00000251984ed000 JavaThread "RMI TCP Connection(1)-127.0.0.1" daemon [_thread_in_native, id=11928, stack(0x0000009dd4b00000,0x0000009dd4c00000)]
  0x00000251970a9000 JavaThread "C2 CompilerThread2" daemon [_thread_blocked, id=22268, stack(0x0000009dd4c00000,0x0000009dd4d00000)]

Other Threads:
  0x00000251ff6cc000 VMThread "VM Thread" [stack: 0x0000009dcb700000,0x0000009dcb800000] [id=8544]
  0x0000025191271000 WatcherThread [stack: 0x0000009dcc200000,0x0000009dcc300000] [id=6404]
  0x00000251eeae9000 GCTaskThread "GC Thread#0" [stack: 0x0000009dcb200000,0x0000009dcb300000] [id=19364]
  0x000002519207c000 GCTaskThread "GC Thread#1" [stack: 0x0000009dcc700000,0x0000009dcc800000] [id=12852]
  0x000002519207d000 GCTaskThread "GC Thread#2" [stack: 0x0000009dcc800000,0x0000009dcc900000] [id=21576]
  0x000002519207d800 GCTaskThread "GC Thread#3" [stack: 0x0000009dcc900000,0x0000009dcca00000] [id=15536]
  0x0000025192041000 GCTaskThread "GC Thread#4" [stack: 0x0000009dcca00000,0x0000009dccb00000] [id=7296]
  0x000002519425a800 GCTaskThread "GC Thread#5" [stack: 0x0000009dcd700000,0x0000009dcd800000] [id=3360]
  0x0000025192f6d000 GCTaskThread "GC Thread#6" [stack: 0x0000009dcd800000,0x0000009dcd900000] [id=17844]
  0x0000025192aff000 GCTaskThread "GC Thread#7" [stack: 0x0000009dcd900000,0x0000009dcda00000] [id=18876]
  0x00000251938d8000 GCTaskThread "GC Thread#8" [stack: 0x0000009dcda00000,0x0000009dcdb00000] [id=18824]
  0x000002519295a000 GCTaskThread "GC Thread#9" [stack: 0x0000009dcdb00000,0x0000009dcdc00000] [id=5460]
  0x0000025193957000 GCTaskThread "GC Thread#10" [stack: 0x0000009dcdc00000,0x0000009dcdd00000] [id=13588]
  0x0000025193d44800 GCTaskThread "GC Thread#11" [stack: 0x0000009dcdd00000,0x0000009dcde00000] [id=8340]
  0x0000025193d6a000 GCTaskThread "GC Thread#12" [stack: 0x0000009dcde00000,0x0000009dcdf00000] [id=23548]
  0x00000251eeb1c000 ConcurrentGCThread "G1 Main Marker" [stack: 0x0000009dcb300000,0x0000009dcb400000] [id=24508]
  0x00000251eeb1e000 ConcurrentGCThread "G1 Conc#0" [stack: 0x0000009dcb400000,0x0000009dcb500000] [id=1952]
  0x00000251929b7000 ConcurrentGCThread "G1 Conc#1" [stack: 0x0000009dcdf00000,0x0000009dce000000] [id=21176]
  0x0000025193406800 ConcurrentGCThread "G1 Conc#2" [stack: 0x0000009dce000000,0x0000009dce100000] [id=14212]
  0x00000251ff55a000 ConcurrentGCThread "G1 Refine#0" [stack: 0x0000009dcb500000,0x0000009dcb600000] [id=5348]
  0x00000251ff55d000 ConcurrentGCThread "G1 Young RemSet Sampling" [stack: 0x0000009dcb600000,0x0000009dcb700000] [id=24396]

Threads with active compile tasks:
C2 CompilerThread0    21678 8280       4       java.lang.invoke.InvokerBytecodeGenerator::emitPushArgument (120 bytes)
C2 CompilerThread1    21678 8330       4       java.lang.invoke.InvokerBytecodeGenerator::emitImplicitConversion (159 bytes)

VM state:not at safepoint (normal execution)

VM Mutex/Monitor currently owned by a thread: None

Heap address: 0x0000000080000000, size: 2048 MB, Compressed Oops mode: 32-bit
Narrow klass base: 0x0000000000000000, Narrow klass shift: 3
Compressed class space size: 528482304 Address: 0x0000000100000000

Heap:
 garbage-first heap   total 227328K, used 86152K [0x0000000080000000, 0x0000000100000000)
  region size 1024K, 55 young (56320K), 15 survivors (15360K)
 Metaspace       used 71512K, capacity 73870K, committed 73992K, reserved 581632K
  class space    used 9289K, capacity 10205K, committed 10240K, reserved 516096K
Heap Regions: E=young(eden), S=young(survivor), O=old, HS=humongous(starts), HC=humongous(continues), CS=collection set, F=free, A=archive, TAMS=top-at-mark-start (previous, next)
|   0|0x0000000080000000, 0x0000000080100000, 0x0000000080100000|100%| O|  |TAMS 0x0000000080100000, 0x0000000080000000| Untracked 
|   1|0x0000000080100000, 0x0000000080200000, 0x0000000080200000|100%| O|  |TAMS 0x0000000080200000, 0x0000000080100000| Untracked 
|   2|0x0000000080200000, 0x0000000080300000, 0x0000000080300000|100%| O|  |TAMS 0x0000000080300000, 0x0000000080200000| Untracked 
|   3|0x0000000080300000, 0x0000000080400000, 0x0000000080400000|100%|HS|  |TAMS 0x0000000080400000, 0x0000000080300000| Complete 
|   4|0x0000000080400000, 0x0000000080500000, 0x0000000080500000|100%|HC|  |TAMS 0x0000000080500000, 0x0000000080400000| Complete 
|   5|0x0000000080500000, 0x0000000080600000, 0x0000000080600000|100%|HC|  |TAMS 0x0000000080600000, 0x0000000080500000| Complete 
|   6|0x0000000080600000, 0x0000000080700000, 0x0000000080700000|100%| O|  |TAMS 0x0000000080700000, 0x0000000080600000| Untracked 
|   7|0x0000000080700000, 0x0000000080800000, 0x0000000080800000|100%| O|  |TAMS 0x0000000080800000, 0x0000000080700000| Untracked 
|   8|0x0000000080800000, 0x0000000080900000, 0x0000000080900000|100%| O|  |TAMS 0x0000000080900000, 0x0000000080800000| Untracked 
|   9|0x0000000080900000, 0x0000000080a00000, 0x0000000080a00000|100%| O|  |TAMS 0x0000000080a00000, 0x0000000080900000| Untracked 
|  10|0x0000000080a00000, 0x0000000080b00000, 0x0000000080b00000|100%| O|  |TAMS 0x0000000080b00000, 0x0000000080a00000| Untracked 
|  11|0x0000000080b00000, 0x0000000080c00000, 0x0000000080c00000|100%| O|  |TAMS 0x0000000080c00000, 0x0000000080b00000| Untracked 
|  12|0x0000000080c00000, 0x0000000080d00000, 0x0000000080d00000|100%| O|  |TAMS 0x0000000080d00000, 0x0000000080c00000| Untracked 
|  13|0x0000000080d00000, 0x0000000080e00000, 0x0000000080e00000|100%| O|  |TAMS 0x0000000080e00000, 0x0000000080d00000| Untracked 
|  14|0x0000000080e00000, 0x0000000080f00000, 0x0000000080f00000|100%| O|  |TAMS 0x0000000080f00000, 0x0000000080e00000| Untracked 
|  15|0x0000000080f00000, 0x0000000081000000, 0x0000000081000000|100%| O|  |TAMS 0x0000000081000000, 0x0000000080f00000| Untracked 
|  16|0x0000000081000000, 0x0000000081100000, 0x0000000081100000|100%| O|  |TAMS 0x0000000081100000, 0x0000000081000000| Untracked 
|  17|0x0000000081100000, 0x0000000081200000, 0x0000000081200000|100%|HS|  |TAMS 0x0000000081200000, 0x0000000081100000| Complete 
|  18|0x0000000081200000, 0x0000000081300000, 0x0000000081300000|100%|HS|  |TAMS 0x0000000081300000, 0x0000000081200000| Complete 
|  19|0x0000000081300000, 0x0000000081400000, 0x0000000081400000|100%|HC|  |TAMS 0x0000000081400000, 0x0000000081300000| Complete 
|  20|0x0000000081400000, 0x0000000081500000, 0x0000000081500000|100%|HC|  |TAMS 0x0000000081500000, 0x0000000081400000| Complete 
|  21|0x0000000081500000, 0x0000000081600000, 0x0000000081600000|100%| O|  |TAMS 0x0000000081600000, 0x0000000081500000| Untracked 
|  22|0x0000000081600000, 0x0000000081700000, 0x0000000081700000|100%| O|  |TAMS 0x0000000081700000, 0x0000000081600000| Untracked 
|  23|0x0000000081700000, 0x0000000081800000, 0x0000000081800000|100%| O|  |TAMS 0x0000000081800000, 0x0000000081700000| Untracked 
|  24|0x0000000081800000, 0x0000000081900000, 0x0000000081900000|100%| O|  |TAMS 0x0000000081900000, 0x0000000081800000| Untracked 
|  25|0x0000000081900000, 0x0000000081a00000, 0x0000000081a00000|100%| O|  |TAMS 0x0000000081a00000, 0x0000000081900000| Untracked 
|  26|0x0000000081a00000, 0x0000000081b00000, 0x0000000081b00000|100%| O|  |TAMS 0x0000000081b00000, 0x0000000081a00000| Untracked 
|  27|0x0000000081b00000, 0x0000000081c00000, 0x0000000081c00000|100%| O|  |TAMS 0x0000000081c00000, 0x0000000081b00000| Untracked 
|  28|0x0000000081c00000, 0x0000000081d00000, 0x0000000081d00000|100%| O|  |TAMS 0x0000000081d00000, 0x0000000081c00000| Untracked 
|  29|0x0000000081d00000, 0x0000000081e00000, 0x0000000081e00000|100%| O|  |TAMS 0x0000000081e00000, 0x0000000081d00000| Untracked 
|  30|0x0000000081e00000, 0x0000000081f00000, 0x0000000081f00000|100%| O|  |TAMS 0x0000000081f00000, 0x0000000081e00000| Untracked 
|  31|0x0000000081f00000, 0x0000000081fa1400, 0x0000000082000000| 62%| O|  |TAMS 0x0000000081fa1400, 0x0000000081f00000| Untracked 
|  32|0x0000000082000000, 0x0000000082000000, 0x0000000082100000|  0%| F|  |TAMS 0x0000000082000000, 0x0000000082000000| Untracked 
|  33|0x0000000082100000, 0x0000000082100000, 0x0000000082200000|  0%| F|  |TAMS 0x0000000082100000, 0x0000000082100000| Untracked 
|  34|0x0000000082200000, 0x0000000082200000, 0x0000000082300000|  0%| F|  |TAMS 0x0000000082200000, 0x0000000082200000| Untracked 
|  35|0x0000000082300000, 0x0000000082300000, 0x0000000082400000|  0%| F|  |TAMS 0x0000000082300000, 0x0000000082300000| Untracked 
|  36|0x0000000082400000, 0x0000000082400000, 0x0000000082500000|  0%| F|  |TAMS 0x0000000082400000, 0x0000000082400000| Untracked 
|  37|0x0000000082500000, 0x0000000082500000, 0x0000000082600000|  0%| F|  |TAMS 0x0000000082500000, 0x0000000082500000| Untracked 
|  38|0x0000000082600000, 0x0000000082600000, 0x0000000082700000|  0%| F|  |TAMS 0x0000000082600000, 0x0000000082600000| Untracked 
|  39|0x0000000082700000, 0x0000000082700000, 0x0000000082800000|  0%| F|  |TAMS 0x0000000082700000, 0x0000000082700000| Untracked 
|  40|0x0000000082800000, 0x0000000082800000, 0x0000000082900000|  0%| F|  |TAMS 0x0000000082800000, 0x0000000082800000| Untracked 
|  41|0x0000000082900000, 0x0000000082900000, 0x0000000082a00000|  0%| F|  |TAMS 0x0000000082900000, 0x0000000082900000| Untracked 
|  42|0x0000000082a00000, 0x0000000082a00000, 0x0000000082b00000|  0%| F|  |TAMS 0x0000000082a00000, 0x0000000082a00000| Untracked 
|  43|0x0000000082b00000, 0x0000000082b00000, 0x0000000082c00000|  0%| F|  |TAMS 0x0000000082b00000, 0x0000000082b00000| Untracked 
|  44|0x0000000082c00000, 0x0000000082c00000, 0x0000000082d00000|  0%| F|  |TAMS 0x0000000082c00000, 0x0000000082c00000| Untracked 
|  45|0x0000000082d00000, 0x0000000082d00000, 0x0000000082e00000|  0%| F|  |TAMS 0x0000000082d00000, 0x0000000082d00000| Untracked 
|  46|0x0000000082e00000, 0x0000000082e00000, 0x0000000082f00000|  0%| F|  |TAMS 0x0000000082e00000, 0x0000000082e00000| Untracked 
|  47|0x0000000082f00000, 0x0000000082f00000, 0x0000000083000000|  0%| F|  |TAMS 0x0000000082f00000, 0x0000000082f00000| Untracked 
|  48|0x0000000083000000, 0x0000000083000000, 0x0000000083100000|  0%| F|  |TAMS 0x0000000083000000, 0x0000000083000000| Untracked 
|  49|0x0000000083100000, 0x0000000083100000, 0x0000000083200000|  0%| F|  |TAMS 0x0000000083100000, 0x0000000083100000| Untracked 
|  50|0x0000000083200000, 0x0000000083200000, 0x0000000083300000|  0%| F|  |TAMS 0x0000000083200000, 0x0000000083200000| Untracked 
|  51|0x0000000083300000, 0x0000000083300000, 0x0000000083400000|  0%| F|  |TAMS 0x0000000083300000, 0x0000000083300000| Untracked 
|  52|0x0000000083400000, 0x0000000083400000, 0x0000000083500000|  0%| F|  |TAMS 0x0000000083400000, 0x0000000083400000| Untracked 
|  53|0x0000000083500000, 0x0000000083500000, 0x0000000083600000|  0%| F|  |TAMS 0x0000000083500000, 0x0000000083500000| Untracked 
|  54|0x0000000083600000, 0x0000000083600000, 0x0000000083700000|  0%| F|  |TAMS 0x0000000083600000, 0x0000000083600000| Untracked 
|  55|0x0000000083700000, 0x0000000083700000, 0x0000000083800000|  0%| F|  |TAMS 0x0000000083700000, 0x0000000083700000| Untracked 
|  56|0x0000000083800000, 0x0000000083800000, 0x0000000083900000|  0%| F|  |TAMS 0x0000000083800000, 0x0000000083800000| Untracked 
|  57|0x0000000083900000, 0x0000000083900000, 0x0000000083a00000|  0%| F|  |TAMS 0x0000000083900000, 0x0000000083900000| Untracked 
|  58|0x0000000083a00000, 0x0000000083a00000, 0x0000000083b00000|  0%| F|  |TAMS 0x0000000083a00000, 0x0000000083a00000| Untracked 
|  59|0x0000000083b00000, 0x0000000083b00000, 0x0000000083c00000|  0%| F|  |TAMS 0x0000000083b00000, 0x0000000083b00000| Untracked 
|  60|0x0000000083c00000, 0x0000000083c00000, 0x0000000083d00000|  0%| F|  |TAMS 0x0000000083c00000, 0x0000000083c00000| Untracked 
|  61|0x0000000083d00000, 0x0000000083d00000, 0x0000000083e00000|  0%| F|  |TAMS 0x0000000083d00000, 0x0000000083d00000| Untracked 
|  62|0x0000000083e00000, 0x0000000083e00000, 0x0000000083f00000|  0%| F|  |TAMS 0x0000000083e00000, 0x0000000083e00000| Untracked 
|  63|0x0000000083f00000, 0x0000000083f00000, 0x0000000084000000|  0%| F|  |TAMS 0x0000000083f00000, 0x0000000083f00000| Untracked 
|  64|0x0000000084000000, 0x0000000084000000, 0x0000000084100000|  0%| F|  |TAMS 0x0000000084000000, 0x0000000084000000| Untracked 
|  65|0x0000000084100000, 0x0000000084100000, 0x0000000084200000|  0%| F|  |TAMS 0x0000000084100000, 0x0000000084100000| Untracked 
|  66|0x0000000084200000, 0x0000000084200000, 0x0000000084300000|  0%| F|  |TAMS 0x0000000084200000, 0x0000000084200000| Untracked 
|  67|0x0000000084300000, 0x0000000084300000, 0x0000000084400000|  0%| F|  |TAMS 0x0000000084300000, 0x0000000084300000| Untracked 
|  68|0x0000000084400000, 0x0000000084400000, 0x0000000084500000|  0%| F|  |TAMS 0x0000000084400000, 0x0000000084400000| Untracked 
|  69|0x0000000084500000, 0x0000000084500000, 0x0000000084600000|  0%| F|  |TAMS 0x0000000084500000, 0x0000000084500000| Untracked 
|  70|0x0000000084600000, 0x0000000084600000, 0x0000000084700000|  0%| F|  |TAMS 0x0000000084600000, 0x0000000084600000| Untracked 
|  71|0x0000000084700000, 0x0000000084700000, 0x0000000084800000|  0%| F|  |TAMS 0x0000000084700000, 0x0000000084700000| Untracked 
|  72|0x0000000084800000, 0x0000000084800000, 0x0000000084900000|  0%| F|  |TAMS 0x0000000084800000, 0x0000000084800000| Untracked 
|  73|0x0000000084900000, 0x0000000084900000, 0x0000000084a00000|  0%| F|  |TAMS 0x0000000084900000, 0x0000000084900000| Untracked 
|  74|0x0000000084a00000, 0x0000000084a80f10, 0x0000000084b00000| 50%| S|CS|TAMS 0x0000000084a00000, 0x0000000084a00000| Complete 
|  75|0x0000000084b00000, 0x0000000084c00000, 0x0000000084c00000|100%| S|CS|TAMS 0x0000000084b00000, 0x0000000084b00000| Complete 
|  76|0x0000000084c00000, 0x0000000084d00000, 0x0000000084d00000|100%| S|CS|TAMS 0x0000000084c00000, 0x0000000084c00000| Complete 
|  77|0x0000000084d00000, 0x0000000084e00000, 0x0000000084e00000|100%| S|CS|TAMS 0x0000000084d00000, 0x0000000084d00000| Complete 
|  78|0x0000000084e00000, 0x0000000084f00000, 0x0000000084f00000|100%| S|CS|TAMS 0x0000000084e00000, 0x0000000084e00000| Complete 
|  79|0x0000000084f00000, 0x0000000085000000, 0x0000000085000000|100%| S|CS|TAMS 0x0000000084f00000, 0x0000000084f00000| Complete 
|  80|0x0000000085000000, 0x0000000085100000, 0x0000000085100000|100%| S|CS|TAMS 0x0000000085000000, 0x0000000085000000| Complete 
|  81|0x0000000085100000, 0x0000000085200000, 0x0000000085200000|100%| S|CS|TAMS 0x0000000085100000, 0x0000000085100000| Complete 
|  82|0x0000000085200000, 0x0000000085300000, 0x0000000085300000|100%| S|CS|TAMS 0x0000000085200000, 0x0000000085200000| Complete 
|  83|0x0000000085300000, 0x0000000085400000, 0x0000000085400000|100%| S|CS|TAMS 0x0000000085300000, 0x0000000085300000| Complete 
|  84|0x0000000085400000, 0x0000000085500000, 0x0000000085500000|100%| S|CS|TAMS 0x0000000085400000, 0x0000000085400000| Complete 
|  85|0x0000000085500000, 0x0000000085600000, 0x0000000085600000|100%| S|CS|TAMS 0x0000000085500000, 0x0000000085500000| Complete 
|  86|0x0000000085600000, 0x0000000085700000, 0x0000000085700000|100%| S|CS|TAMS 0x0000000085600000, 0x0000000085600000| Complete 
|  87|0x0000000085700000, 0x0000000085800000, 0x0000000085800000|100%| S|CS|TAMS 0x0000000085700000, 0x0000000085700000| Complete 
|  88|0x0000000085800000, 0x0000000085900000, 0x0000000085900000|100%| S|CS|TAMS 0x0000000085800000, 0x0000000085800000| Complete 
|  89|0x0000000085900000, 0x0000000085900000, 0x0000000085a00000|  0%| F|  |TAMS 0x0000000085900000, 0x0000000085900000| Untracked 
|  90|0x0000000085a00000, 0x0000000085a00000, 0x0000000085b00000|  0%| F|  |TAMS 0x0000000085a00000, 0x0000000085a00000| Untracked 
|  91|0x0000000085b00000, 0x0000000085b00000, 0x0000000085c00000|  0%| F|  |TAMS 0x0000000085b00000, 0x0000000085b00000| Untracked 
|  92|0x0000000085c00000, 0x0000000085c00000, 0x0000000085d00000|  0%| F|  |TAMS 0x0000000085c00000, 0x0000000085c00000| Untracked 
|  93|0x0000000085d00000, 0x0000000085d00000, 0x0000000085e00000|  0%| F|  |TAMS 0x0000000085d00000, 0x0000000085d00000| Untracked 
|  94|0x0000000085e00000, 0x0000000085e00000, 0x0000000085f00000|  0%| F|  |TAMS 0x0000000085e00000, 0x0000000085e00000| Untracked 
|  95|0x0000000085f00000, 0x0000000085f00000, 0x0000000086000000|  0%| F|  |TAMS 0x0000000085f00000, 0x0000000085f00000| Untracked 
|  96|0x0000000086000000, 0x0000000086000000, 0x0000000086100000|  0%| F|  |TAMS 0x0000000086000000, 0x0000000086000000| Untracked 
|  97|0x0000000086100000, 0x0000000086100000, 0x0000000086200000|  0%| F|  |TAMS 0x0000000086100000, 0x0000000086100000| Untracked 
|  98|0x0000000086200000, 0x0000000086200000, 0x0000000086300000|  0%| F|  |TAMS 0x0000000086200000, 0x0000000086200000| Untracked 
|  99|0x0000000086300000, 0x0000000086300000, 0x0000000086400000|  0%| F|  |TAMS 0x0000000086300000, 0x0000000086300000| Untracked 
| 100|0x0000000086400000, 0x0000000086400000, 0x0000000086500000|  0%| F|  |TAMS 0x0000000086400000, 0x0000000086400000| Untracked 
| 101|0x0000000086500000, 0x0000000086500000, 0x0000000086600000|  0%| F|  |TAMS 0x0000000086500000, 0x0000000086500000| Untracked 
| 102|0x0000000086600000, 0x0000000086600000, 0x0000000086700000|  0%| F|  |TAMS 0x0000000086600000, 0x0000000086600000| Untracked 
| 103|0x0000000086700000, 0x0000000086700000, 0x0000000086800000|  0%| F|  |TAMS 0x0000000086700000, 0x0000000086700000| Untracked 
| 104|0x0000000086800000, 0x0000000086800000, 0x0000000086900000|  0%| F|  |TAMS 0x0000000086800000, 0x0000000086800000| Untracked 
| 105|0x0000000086900000, 0x0000000086900000, 0x0000000086a00000|  0%| F|  |TAMS 0x0000000086900000, 0x0000000086900000| Untracked 
| 106|0x0000000086a00000, 0x0000000086a00000, 0x0000000086b00000|  0%| F|  |TAMS 0x0000000086a00000, 0x0000000086a00000| Untracked 
| 107|0x0000000086b00000, 0x0000000086b00000, 0x0000000086c00000|  0%| F|  |TAMS 0x0000000086b00000, 0x0000000086b00000| Untracked 
| 108|0x0000000086c00000, 0x0000000086c00000, 0x0000000086d00000|  0%| F|  |TAMS 0x0000000086c00000, 0x0000000086c00000| Untracked 
| 109|0x0000000086d00000, 0x0000000086d00000, 0x0000000086e00000|  0%| F|  |TAMS 0x0000000086d00000, 0x0000000086d00000| Untracked 
| 110|0x0000000086e00000, 0x0000000086e00000, 0x0000000086f00000|  0%| F|  |TAMS 0x0000000086e00000, 0x0000000086e00000| Untracked 
| 111|0x0000000086f00000, 0x0000000086f00000, 0x0000000087000000|  0%| F|  |TAMS 0x0000000086f00000, 0x0000000086f00000| Untracked 
| 112|0x0000000087000000, 0x0000000087000000, 0x0000000087100000|  0%| F|  |TAMS 0x0000000087000000, 0x0000000087000000| Untracked 
| 113|0x0000000087100000, 0x0000000087100000, 0x0000000087200000|  0%| F|  |TAMS 0x0000000087100000, 0x0000000087100000| Untracked 
| 114|0x0000000087200000, 0x0000000087200000, 0x0000000087300000|  0%| F|  |TAMS 0x0000000087200000, 0x0000000087200000| Untracked 
| 115|0x0000000087300000, 0x0000000087300000, 0x0000000087400000|  0%| F|  |TAMS 0x0000000087300000, 0x0000000087300000| Untracked 
| 116|0x0000000087400000, 0x0000000087400000, 0x0000000087500000|  0%| F|  |TAMS 0x0000000087400000, 0x0000000087400000| Untracked 
| 117|0x0000000087500000, 0x0000000087500000, 0x0000000087600000|  0%| F|  |TAMS 0x0000000087500000, 0x0000000087500000| Untracked 
| 118|0x0000000087600000, 0x0000000087600000, 0x0000000087700000|  0%| F|  |TAMS 0x0000000087600000, 0x0000000087600000| Untracked 
| 119|0x0000000087700000, 0x0000000087700000, 0x0000000087800000|  0%| F|  |TAMS 0x0000000087700000, 0x0000000087700000| Untracked 
| 120|0x0000000087800000, 0x0000000087800000, 0x0000000087900000|  0%| F|  |TAMS 0x0000000087800000, 0x0000000087800000| Untracked 
| 121|0x0000000087900000, 0x0000000087900000, 0x0000000087a00000|  0%| F|  |TAMS 0x0000000087900000, 0x0000000087900000| Untracked 
| 122|0x0000000087a00000, 0x0000000087a00000, 0x0000000087b00000|  0%| F|  |TAMS 0x0000000087a00000, 0x0000000087a00000| Untracked 
| 123|0x0000000087b00000, 0x0000000087b00000, 0x0000000087c00000|  0%| F|  |TAMS 0x0000000087b00000, 0x0000000087b00000| Untracked 
| 124|0x0000000087c00000, 0x0000000087c00000, 0x0000000087d00000|  0%| F|  |TAMS 0x0000000087c00000, 0x0000000087c00000| Untracked 
| 125|0x0000000087d00000, 0x0000000087d00000, 0x0000000087e00000|  0%| F|  |TAMS 0x0000000087d00000, 0x0000000087d00000| Untracked 
| 126|0x0000000087e00000, 0x0000000087e00000, 0x0000000087f00000|  0%| F|  |TAMS 0x0000000087e00000, 0x0000000087e00000| Untracked 
| 127|0x0000000087f00000, 0x0000000087f00000, 0x0000000088000000|  0%| F|  |TAMS 0x0000000087f00000, 0x0000000087f00000| Untracked 
| 128|0x0000000088000000, 0x0000000088000000, 0x0000000088100000|  0%| F|  |TAMS 0x0000000088000000, 0x0000000088000000| Untracked 
| 129|0x0000000088100000, 0x0000000088100000, 0x0000000088200000|  0%| F|  |TAMS 0x0000000088100000, 0x0000000088100000| Untracked 
| 130|0x0000000088200000, 0x0000000088200000, 0x0000000088300000|  0%| F|  |TAMS 0x0000000088200000, 0x0000000088200000| Untracked 
| 131|0x0000000088300000, 0x0000000088300000, 0x0000000088400000|  0%| F|  |TAMS 0x0000000088300000, 0x0000000088300000| Untracked 
| 132|0x0000000088400000, 0x0000000088400000, 0x0000000088500000|  0%| F|  |TAMS 0x0000000088400000, 0x0000000088400000| Untracked 
| 133|0x0000000088500000, 0x0000000088500000, 0x0000000088600000|  0%| F|  |TAMS 0x0000000088500000, 0x0000000088500000| Untracked 
| 134|0x0000000088600000, 0x0000000088600000, 0x0000000088700000|  0%| F|  |TAMS 0x0000000088600000, 0x0000000088600000| Untracked 
| 135|0x0000000088700000, 0x0000000088700000, 0x0000000088800000|  0%| F|  |TAMS 0x0000000088700000, 0x0000000088700000| Untracked 
| 136|0x0000000088800000, 0x0000000088800000, 0x0000000088900000|  0%| F|  |TAMS 0x0000000088800000, 0x0000000088800000| Untracked 
| 137|0x0000000088900000, 0x0000000088900000, 0x0000000088a00000|  0%| F|  |TAMS 0x0000000088900000, 0x0000000088900000| Untracked 
| 138|0x0000000088a00000, 0x0000000088a00000, 0x0000000088b00000|  0%| F|  |TAMS 0x0000000088a00000, 0x0000000088a00000| Untracked 
| 139|0x0000000088b00000, 0x0000000088b00000, 0x0000000088c00000|  0%| F|  |TAMS 0x0000000088b00000, 0x0000000088b00000| Untracked 
| 140|0x0000000088c00000, 0x0000000088c00000, 0x0000000088d00000|  0%| F|  |TAMS 0x0000000088c00000, 0x0000000088c00000| Untracked 
| 141|0x0000000088d00000, 0x0000000088d00000, 0x0000000088e00000|  0%| F|  |TAMS 0x0000000088d00000, 0x0000000088d00000| Untracked 
| 142|0x0000000088e00000, 0x0000000088e00000, 0x0000000088f00000|  0%| F|  |TAMS 0x0000000088e00000, 0x0000000088e00000| Untracked 
| 143|0x0000000088f00000, 0x0000000088f00000, 0x0000000089000000|  0%| F|  |TAMS 0x0000000088f00000, 0x0000000088f00000| Untracked 
| 144|0x0000000089000000, 0x0000000089000000, 0x0000000089100000|  0%| F|  |TAMS 0x0000000089000000, 0x0000000089000000| Untracked 
| 145|0x0000000089100000, 0x0000000089100000, 0x0000000089200000|  0%| F|  |TAMS 0x0000000089100000, 0x0000000089100000| Untracked 
| 146|0x0000000089200000, 0x0000000089200000, 0x0000000089300000|  0%| F|  |TAMS 0x0000000089200000, 0x0000000089200000| Untracked 
| 147|0x0000000089300000, 0x0000000089300000, 0x0000000089400000|  0%| F|  |TAMS 0x0000000089300000, 0x0000000089300000| Untracked 
| 148|0x0000000089400000, 0x0000000089400000, 0x0000000089500000|  0%| F|  |TAMS 0x0000000089400000, 0x0000000089400000| Untracked 
| 149|0x0000000089500000, 0x0000000089500000, 0x0000000089600000|  0%| F|  |TAMS 0x0000000089500000, 0x0000000089500000| Untracked 
| 150|0x0000000089600000, 0x0000000089600000, 0x0000000089700000|  0%| F|  |TAMS 0x0000000089600000, 0x0000000089600000| Untracked 
| 151|0x0000000089700000, 0x0000000089700000, 0x0000000089800000|  0%| F|  |TAMS 0x0000000089700000, 0x0000000089700000| Untracked 
| 152|0x0000000089800000, 0x0000000089800000, 0x0000000089900000|  0%| F|  |TAMS 0x0000000089800000, 0x0000000089800000| Untracked 
| 153|0x0000000089900000, 0x0000000089900000, 0x0000000089a00000|  0%| F|  |TAMS 0x0000000089900000, 0x0000000089900000| Untracked 
| 154|0x0000000089a00000, 0x0000000089a00000, 0x0000000089b00000|  0%| F|  |TAMS 0x0000000089a00000, 0x0000000089a00000| Untracked 
| 155|0x0000000089b00000, 0x0000000089b00000, 0x0000000089c00000|  0%| F|  |TAMS 0x0000000089b00000, 0x0000000089b00000| Untracked 
| 156|0x0000000089c00000, 0x0000000089c00000, 0x0000000089d00000|  0%| F|  |TAMS 0x0000000089c00000, 0x0000000089c00000| Untracked 
| 157|0x0000000089d00000, 0x0000000089d00000, 0x0000000089e00000|  0%| F|  |TAMS 0x0000000089d00000, 0x0000000089d00000| Untracked 
| 158|0x0000000089e00000, 0x0000000089e00000, 0x0000000089f00000|  0%| F|  |TAMS 0x0000000089e00000, 0x0000000089e00000| Untracked 
| 159|0x0000000089f00000, 0x0000000089f00000, 0x000000008a000000|  0%| F|  |TAMS 0x0000000089f00000, 0x0000000089f00000| Untracked 
| 160|0x000000008a000000, 0x000000008a000000, 0x000000008a100000|  0%| F|  |TAMS 0x000000008a000000, 0x000000008a000000| Untracked 
| 161|0x000000008a100000, 0x000000008a100000, 0x000000008a200000|  0%| F|  |TAMS 0x000000008a100000, 0x000000008a100000| Untracked 
| 162|0x000000008a200000, 0x000000008a200000, 0x000000008a300000|  0%| F|  |TAMS 0x000000008a200000, 0x000000008a200000| Untracked 
| 163|0x000000008a300000, 0x000000008a300000, 0x000000008a400000|  0%| F|  |TAMS 0x000000008a300000, 0x000000008a300000| Untracked 
| 164|0x000000008a400000, 0x000000008a400000, 0x000000008a500000|  0%| F|  |TAMS 0x000000008a400000, 0x000000008a400000| Untracked 
| 165|0x000000008a500000, 0x000000008a500000, 0x000000008a600000|  0%| F|  |TAMS 0x000000008a500000, 0x000000008a500000| Untracked 
| 166|0x000000008a600000, 0x000000008a600000, 0x000000008a700000|  0%| F|  |TAMS 0x000000008a600000, 0x000000008a600000| Untracked 
| 167|0x000000008a700000, 0x000000008a700000, 0x000000008a800000|  0%| F|  |TAMS 0x000000008a700000, 0x000000008a700000| Untracked 
| 168|0x000000008a800000, 0x000000008a800000, 0x000000008a900000|  0%| F|  |TAMS 0x000000008a800000, 0x000000008a800000| Untracked 
| 169|0x000000008a900000, 0x000000008a900000, 0x000000008aa00000|  0%| F|  |TAMS 0x000000008a900000, 0x000000008a900000| Untracked 
| 170|0x000000008aa00000, 0x000000008aa00000, 0x000000008ab00000|  0%| F|  |TAMS 0x000000008aa00000, 0x000000008aa00000| Untracked 
| 171|0x000000008ab00000, 0x000000008ab00000, 0x000000008ac00000|  0%| F|  |TAMS 0x000000008ab00000, 0x000000008ab00000| Untracked 
| 172|0x000000008ac00000, 0x000000008ac00000, 0x000000008ad00000|  0%| F|  |TAMS 0x000000008ac00000, 0x000000008ac00000| Untracked 
| 173|0x000000008ad00000, 0x000000008ad00000, 0x000000008ae00000|  0%| F|  |TAMS 0x000000008ad00000, 0x000000008ad00000| Untracked 
| 174|0x000000008ae00000, 0x000000008ae00000, 0x000000008af00000|  0%| F|  |TAMS 0x000000008ae00000, 0x000000008ae00000| Untracked 
| 175|0x000000008af00000, 0x000000008af00000, 0x000000008b000000|  0%| F|  |TAMS 0x000000008af00000, 0x000000008af00000| Untracked 
| 176|0x000000008b000000, 0x000000008b000000, 0x000000008b100000|  0%| F|  |TAMS 0x000000008b000000, 0x000000008b000000| Untracked 
| 177|0x000000008b100000, 0x000000008b100000, 0x000000008b200000|  0%| F|  |TAMS 0x000000008b100000, 0x000000008b100000| Untracked 
| 178|0x000000008b200000, 0x000000008b200000, 0x000000008b300000|  0%| F|  |TAMS 0x000000008b200000, 0x000000008b200000| Untracked 
| 179|0x000000008b300000, 0x000000008b300000, 0x000000008b400000|  0%| F|  |TAMS 0x000000008b300000, 0x000000008b300000| Untracked 
| 180|0x000000008b400000, 0x000000008b400000, 0x000000008b500000|  0%| F|  |TAMS 0x000000008b400000, 0x000000008b400000| Untracked 
| 181|0x000000008b500000, 0x000000008b500000, 0x000000008b600000|  0%| F|  |TAMS 0x000000008b500000, 0x000000008b500000| Untracked 
| 182|0x000000008b600000, 0x000000008b639c38, 0x000000008b700000| 22%| E|  |TAMS 0x000000008b600000, 0x000000008b600000| Complete 
| 183|0x000000008b700000, 0x000000008b800000, 0x000000008b800000|100%| E|CS|TAMS 0x000000008b700000, 0x000000008b700000| Complete 
| 184|0x000000008b800000, 0x000000008b900000, 0x000000008b900000|100%| E|CS|TAMS 0x000000008b800000, 0x000000008b800000| Complete 
| 185|0x000000008b900000, 0x000000008ba00000, 0x000000008ba00000|100%| E|CS|TAMS 0x000000008b900000, 0x000000008b900000| Complete 
| 186|0x000000008ba00000, 0x000000008bb00000, 0x000000008bb00000|100%| E|CS|TAMS 0x000000008ba00000, 0x000000008ba00000| Complete 
| 187|0x000000008bb00000, 0x000000008bc00000, 0x000000008bc00000|100%| E|CS|TAMS 0x000000008bb00000, 0x000000008bb00000| Complete 
| 188|0x000000008bc00000, 0x000000008bd00000, 0x000000008bd00000|100%| E|CS|TAMS 0x000000008bc00000, 0x000000008bc00000| Complete 
| 189|0x000000008bd00000, 0x000000008be00000, 0x000000008be00000|100%| E|CS|TAMS 0x000000008bd00000, 0x000000008bd00000| Complete 
| 190|0x000000008be00000, 0x000000008bf00000, 0x000000008bf00000|100%| E|CS|TAMS 0x000000008be00000, 0x000000008be00000| Complete 
| 191|0x000000008bf00000, 0x000000008c000000, 0x000000008c000000|100%| E|CS|TAMS 0x000000008bf00000, 0x000000008bf00000| Complete 
| 192|0x000000008c000000, 0x000000008c100000, 0x000000008c100000|100%| E|  |TAMS 0x000000008c000000, 0x000000008c000000| Complete 
| 193|0x000000008c100000, 0x000000008c200000, 0x000000008c200000|100%| E|CS|TAMS 0x000000008c100000, 0x000000008c100000| Complete 
| 194|0x000000008c200000, 0x000000008c300000, 0x000000008c300000|100%| E|CS|TAMS 0x000000008c200000, 0x000000008c200000| Complete 
| 195|0x000000008c300000, 0x000000008c400000, 0x000000008c400000|100%| E|CS|TAMS 0x000000008c300000, 0x000000008c300000| Complete 
| 196|0x000000008c400000, 0x000000008c500000, 0x000000008c500000|100%| E|CS|TAMS 0x000000008c400000, 0x000000008c400000| Complete 
| 197|0x000000008c500000, 0x000000008c600000, 0x000000008c600000|100%| E|CS|TAMS 0x000000008c500000, 0x000000008c500000| Complete 
| 198|0x000000008c600000, 0x000000008c700000, 0x000000008c700000|100%| E|CS|TAMS 0x000000008c600000, 0x000000008c600000| Complete 
| 199|0x000000008c700000, 0x000000008c800000, 0x000000008c800000|100%| E|CS|TAMS 0x000000008c700000, 0x000000008c700000| Complete 
| 200|0x000000008c800000, 0x000000008c900000, 0x000000008c900000|100%| E|CS|TAMS 0x000000008c800000, 0x000000008c800000| Complete 
| 201|0x000000008c900000, 0x000000008ca00000, 0x000000008ca00000|100%| E|CS|TAMS 0x000000008c900000, 0x000000008c900000| Complete 
| 202|0x000000008ca00000, 0x000000008cb00000, 0x000000008cb00000|100%| E|CS|TAMS 0x000000008ca00000, 0x000000008ca00000| Complete 
| 203|0x000000008cb00000, 0x000000008cc00000, 0x000000008cc00000|100%| E|CS|TAMS 0x000000008cb00000, 0x000000008cb00000| Complete 
| 204|0x000000008cc00000, 0x000000008cd00000, 0x000000008cd00000|100%| E|CS|TAMS 0x000000008cc00000, 0x000000008cc00000| Complete 
| 205|0x000000008cd00000, 0x000000008ce00000, 0x000000008ce00000|100%| E|CS|TAMS 0x000000008cd00000, 0x000000008cd00000| Complete 
| 206|0x000000008ce00000, 0x000000008cf00000, 0x000000008cf00000|100%| E|CS|TAMS 0x000000008ce00000, 0x000000008ce00000| Complete 
| 207|0x000000008cf00000, 0x000000008d000000, 0x000000008d000000|100%| E|CS|TAMS 0x000000008cf00000, 0x000000008cf00000| Complete 
| 208|0x000000008d000000, 0x000000008d100000, 0x000000008d100000|100%| E|CS|TAMS 0x000000008d000000, 0x000000008d000000| Complete 
| 209|0x000000008d100000, 0x000000008d200000, 0x000000008d200000|100%| E|CS|TAMS 0x000000008d100000, 0x000000008d100000| Complete 
| 210|0x000000008d200000, 0x000000008d300000, 0x000000008d300000|100%| E|CS|TAMS 0x000000008d200000, 0x000000008d200000| Complete 
| 211|0x000000008d300000, 0x000000008d400000, 0x000000008d400000|100%| E|CS|TAMS 0x000000008d300000, 0x000000008d300000| Complete 
| 212|0x000000008d400000, 0x000000008d500000, 0x000000008d500000|100%| E|CS|TAMS 0x000000008d400000, 0x000000008d400000| Complete 
| 213|0x000000008d500000, 0x000000008d600000, 0x000000008d600000|100%| E|CS|TAMS 0x000000008d500000, 0x000000008d500000| Complete 
| 214|0x000000008d600000, 0x000000008d700000, 0x000000008d700000|100%| E|CS|TAMS 0x000000008d600000, 0x000000008d600000| Complete 
| 215|0x000000008d700000, 0x000000008d800000, 0x000000008d800000|100%| E|CS|TAMS 0x000000008d700000, 0x000000008d700000| Complete 
| 216|0x000000008d800000, 0x000000008d900000, 0x000000008d900000|100%| E|CS|TAMS 0x000000008d800000, 0x000000008d800000| Complete 
| 217|0x000000008d900000, 0x000000008da00000, 0x000000008da00000|100%| E|CS|TAMS 0x000000008d900000, 0x000000008d900000| Complete 
| 218|0x000000008da00000, 0x000000008db00000, 0x000000008db00000|100%| E|CS|TAMS 0x000000008da00000, 0x000000008da00000| Complete 
| 219|0x000000008db00000, 0x000000008dc00000, 0x000000008dc00000|100%| E|CS|TAMS 0x000000008db00000, 0x000000008db00000| Complete 
| 220|0x000000008dc00000, 0x000000008dd00000, 0x000000008dd00000|100%| E|CS|TAMS 0x000000008dc00000, 0x000000008dc00000| Complete 
| 221|0x000000008dd00000, 0x000000008de00000, 0x000000008de00000|100%| E|CS|TAMS 0x000000008dd00000, 0x000000008dd00000| Complete 

Card table byte_map: [0x00000251f9e20000,0x00000251fa220000] _byte_map_base: 0x00000251f9a20000

Marking Bits (Prev, Next): (CMBitMap*) 0x00000251eeb120c0, (CMBitMap*) 0x00000251eeb12088
 Prev Bits: [0x00000251fc620000, 0x00000251fe620000)
 Next Bits: [0x00000251fa620000, 0x00000251fc620000)

Polling page: 0x00000251eeba0000

Metaspace:

Usage:
  Non-class:     62.17 MB capacity,    60.76 MB ( 98%) used,     1.17 MB (  2%) free+waste,   240.69 KB ( <1%) overhead. 
      Class:      9.97 MB capacity,     9.07 MB ( 91%) used,   799.28 KB (  8%) free+waste,   115.88 KB (  1%) overhead. 
       Both:     72.14 MB capacity,    69.84 MB ( 97%) used,     1.95 MB (  3%) free+waste,   356.56 KB ( <1%) overhead. 

Virtual space:
  Non-class space:       64.00 MB reserved,      62.26 MB ( 97%) committed 
      Class space:      504.00 MB reserved,      10.00 MB (  2%) committed 
             Both:      568.00 MB reserved,      72.26 MB ( 13%) committed 

Chunk freelists:
   Non-Class:  23.00 KB
       Class:  0 bytes
        Both:  23.00 KB

MaxMetaspaceSize: 512.00 MB
CompressedClassSpaceSize: 504.00 MB
Initial GC threshold: 20.80 MB
Current GC threshold: 98.55 MB
CDS: off

CodeHeap 'non-profiled nmethods': size=119168Kb used=4577Kb max_used=4577Kb free=114590Kb
 bounds [0x0000025187ba0000, 0x0000025188020000, 0x000002518f000000]
CodeHeap 'profiled nmethods': size=119168Kb used=18449Kb max_used=18449Kb free=100718Kb
 bounds [0x0000025180740000, 0x0000025181950000, 0x0000025187ba0000]
CodeHeap 'non-nmethods': size=7424Kb used=3498Kb max_used=4099Kb free=3925Kb
 bounds [0x0000025180000000, 0x0000025180410000, 0x0000025180740000]
 total_blobs=9265 nmethods=8368 adapters=807
 compilation: enabled
              stopped_count=0, restarted_count=0
 full_count=0

Compilation events (20 events):
Event: 21.584 Thread 0x00000251911e0800 8385       3       java.io.ObjectInputStream$PeekInputStream::peek (49 bytes)
Event: 21.584 Thread 0x0000025191095000 8386       3       java.io.ObjectInputStream$BlockDataInputStream::setBlockDataMode (74 bytes)
Event: 21.585 Thread 0x00000251982d9000 8387       3       java.io.ObjectInputStream$BlockDataInputStream::readByte (20 bytes)
Event: 21.585 Thread 0x00000251911e0800 nmethod 8385 0x000002518193f890 code [0x000002518193fa60, 0x000002518193fce8]
Event: 21.585 Thread 0x0000025191095000 nmethod 8386 0x000002518193fd90 code [0x000002518193ff60, 0x0000025181940288]
Event: 21.585 Thread 0x00000251982d9000 nmethod 8387 0x0000025181940390 code [0x0000025181940560, 0x00000251819407b8]
Event: 21.585 Thread 0x00000251911e0800 8388       3       java.io.ClassCache::get (56 bytes)
Event: 21.585 Thread 0x00000251982d9000 8389       3       java.io.ClassCache::processQueue (32 bytes)
Event: 21.585 Thread 0x0000025191095000 8390       1       java.io.ObjectInputStream$BlockDataInputStream::getBlockDataMode (5 bytes)
Event: 21.586 Thread 0x0000025191095000 nmethod 8390 0x0000025188015810 code [0x00000251880159c0, 0x0000025188015a78]
Event: 21.586 Thread 0x0000025191095000 8391       3       java.lang.ClassLoader::getPlatformClassLoader (21 bytes)
Event: 21.586 Thread 0x00000251982d9000 nmethod 8389 0x0000025181940910 code [0x0000025181940b40, 0x0000025181941328]
Event: 21.587 Thread 0x0000025191095000 nmethod 8391 0x0000025181941610 code [0x0000025181941840, 0x00000251819420f8]
Event: 21.588 Thread 0x00000251911e0800 nmethod 8388 0x0000025181942410 code [0x0000025181942740, 0x0000025181943ee8]
Event: 21.599 Thread 0x00000251970a9000 nmethod 8369% 0x0000025188015b10 code [0x0000025188015ce0, 0x0000025188016388]
Event: 21.599 Thread 0x00000251970a9000 8384       4       java.lang.invoke.LambdaForm::useCount (90 bytes)
Event: 21.613 Thread 0x00000251970a9000 nmethod 8384 0x0000025188016890 code [0x0000025188016a40, 0x0000025188016e38]
Event: 21.613 Thread 0x00000251970a9000 8368 %     4       java.io.ObjectOutputStream$BlockDataOutputStream::getUTFLength @ 47 (124 bytes)
Event: 21.633 Thread 0x00000251970a9000 nmethod 8368% 0x0000025188017290 code [0x0000025188017440, 0x0000025188017b58]
Event: 21.633 Thread 0x00000251970a9000 8379       4       java.lang.ref.SoftReference::<init> (13 bytes)

GC Heap History (16 events):
Event: 0.975 GC heap before
{Heap before GC invocations=0 (full 0):
 garbage-first heap   total 227328K, used 29696K [0x0000000080000000, 0x0000000100000000)
  region size 1024K, 24 young (24576K), 0 survivors (0K)
 Metaspace       used 9895K, capacity 10148K, committed 10368K, reserved 526336K
  class space    used 1005K, capacity 1069K, committed 1152K, reserved 516096K
}
Event: 0.980 GC heap after
{Heap after GC invocations=1 (full 0):
 garbage-first heap   total 227328K, used 9291K [0x0000000080000000, 0x0000000100000000)
  region size 1024K, 3 young (3072K), 3 survivors (3072K)
 Metaspace       used 9895K, capacity 10148K, committed 10368K, reserved 526336K
  class space    used 1005K, capacity 1069K, committed 1152K, reserved 516096K
}
Event: 3.365 GC heap before
{Heap before GC invocations=1 (full 0):
 garbage-first heap   total 227328K, used 101451K [0x0000000080000000, 0x0000000100000000)
  region size 1024K, 94 young (96256K), 3 survivors (3072K)
 Metaspace       used 20713K, capacity 21121K, committed 21296K, reserved 536576K
  class space    used 2469K, capacity 2623K, committed 2688K, reserved 516096K
}
Event: 3.379 GC heap after
{Heap after GC invocations=2 (full 0):
 garbage-first heap   total 227328K, used 16896K [0x0000000080000000, 0x0000000100000000)
  region size 1024K, 11 young (11264K), 11 survivors (11264K)
 Metaspace       used 20713K, capacity 21121K, committed 21296K, reserved 536576K
  class space    used 2469K, capacity 2623K, committed 2688K, reserved 516096K
}
Event: 3.924 GC heap before
{Heap before GC invocations=3 (full 0):
 garbage-first heap   total 227328K, used 58880K [0x0000000080000000, 0x0000000100000000)
  region size 1024K, 52 young (53248K), 11 survivors (11264K)
 Metaspace       used 24814K, capacity 25353K, committed 25520K, reserved 538624K
  class space    used 3090K, capacity 3291K, committed 3328K, reserved 516096K
}
Event: 3.932 GC heap after
{Heap after GC invocations=4 (full 0):
 garbage-first heap   total 227328K, used 18416K [0x0000000080000000, 0x0000000100000000)
  region size 1024K, 2 young (2048K), 2 survivors (2048K)
 Metaspace       used 24814K, capacity 25353K, committed 25520K, reserved 538624K
  class space    used 3090K, capacity 3291K, committed 3328K, reserved 516096K
}
Event: 5.243 GC heap before
{Heap before GC invocations=4 (full 0):
 garbage-first heap   total 227328K, used 91120K [0x0000000080000000, 0x0000000100000000)
  region size 1024K, 74 young (75776K), 2 survivors (2048K)
 Metaspace       used 34976K, capacity 35772K, committed 35920K, reserved 548864K
  class space    used 4423K, capacity 4750K, committed 4864K, reserved 516096K
}
Event: 5.254 GC heap after
{Heap after GC invocations=5 (full 0):
 garbage-first heap   total 227328K, used 22198K [0x0000000080000000, 0x0000000100000000)
  region size 1024K, 6 young (6144K), 6 survivors (6144K)
 Metaspace       used 34976K, capacity 35772K, committed 35920K, reserved 548864K
  class space    used 4423K, capacity 4750K, committed 4864K, reserved 516096K
}
Event: 13.901 GC heap before
{Heap before GC invocations=6 (full 0):
 garbage-first heap   total 227328K, used 130742K [0x0000000080000000, 0x0000000100000000)
  region size 1024K, 109 young (111616K), 6 survivors (6144K)
 Metaspace       used 43320K, capacity 44539K, committed 44624K, reserved 555008K
  class space    used 5361K, capacity 5821K, committed 5888K, reserved 516096K
}
Event: 13.913 GC heap after
{Heap after GC invocations=7 (full 0):
 garbage-first heap   total 227328K, used 29365K [0x0000000080000000, 0x0000000100000000)
  region size 1024K, 13 young (13312K), 13 survivors (13312K)
 Metaspace       used 43320K, capacity 44539K, committed 44624K, reserved 555008K
  class space    used 5361K, capacity 5821K, committed 5888K, reserved 516096K
}
Event: 15.836 GC heap before
{Heap before GC invocations=7 (full 0):
 garbage-first heap   total 227328K, used 148149K [0x0000000080000000, 0x0000000100000000)
  region size 1024K, 125 young (128000K), 13 survivors (13312K)
 Metaspace       used 52703K, capacity 54245K, committed 54608K, reserved 565248K
  class space    used 6702K, capacity 7309K, committed 7424K, reserved 516096K
}
Event: 15.851 GC heap after
{Heap after GC invocations=8 (full 0):
 garbage-first heap   total 227328K, used 38685K [0x0000000080000000, 0x0000000100000000)
  region size 1024K, 13 young (13312K), 13 survivors (13312K)
 Metaspace       used 52703K, capacity 54245K, committed 54608K, reserved 565248K
  class space    used 6702K, capacity 7309K, committed 7424K, reserved 516096K
}
Event: 17.069 GC heap before
{Heap before GC invocations=8 (full 0):
 garbage-first heap   total 227328K, used 112413K [0x0000000080000000, 0x0000000100000000)
  region size 1024K, 86 young (88064K), 13 survivors (13312K)
 Metaspace       used 58481K, capacity 60137K, committed 60296K, reserved 569344K
  class space    used 7562K, capacity 8270K, committed 8320K, reserved 516096K
}
Event: 17.094 GC heap after
{Heap after GC invocations=9 (full 0):
 garbage-first heap   total 227328K, used 41222K [0x0000000080000000, 0x0000000100000000)
  region size 1024K, 9 young (9216K), 9 survivors (9216K)
 Metaspace       used 58481K, capacity 60137K, committed 60296K, reserved 569344K
  class space    used 7562K, capacity 8270K, committed 8320K, reserved 516096K
}
Event: 19.279 GC heap before
{Heap before GC invocations=10 (full 0):
 garbage-first heap   total 227328K, used 168198K [0x0000000080000000, 0x0000000100000000)
  region size 1024K, 133 young (136192K), 9 survivors (9216K)
 Metaspace       used 67145K, capacity 69182K, committed 69256K, reserved 577536K
  class space    used 8708K, capacity 9549K, committed 9600K, reserved 516096K
}
Event: 19.292 GC heap after
{Heap after GC invocations=11 (full 0):
 garbage-first heap   total 227328K, used 47240K [0x0000000080000000, 0x0000000100000000)
  region size 1024K, 15 young (15360K), 15 survivors (15360K)
 Metaspace       used 67145K, capacity 69182K, committed 69256K, reserved 577536K
  class space    used 8708K, capacity 9549K, committed 9600K, reserved 516096K
}

Deoptimization events (20 events):
Event: 21.354 Thread 0x0000025198658800 Uncommon trap: trap_request=0xffffffc6 fr.pc=0x0000025187f0805c relative=0x00000000000009bc
Event: 21.354 Thread 0x0000025198658800 Uncommon trap: reason=bimorphic_or_optimized_type_check action=maybe_recompile pc=0x0000025187f0805c method=java.security.MessageDigest$Delegate.engineUpdate([BII)V @ 7 c2
Event: 21.354 Thread 0x0000025198658800 DEOPT PACKING pc=0x0000025187f0805c sp=0x0000009dd2cf69c0
Event: 21.354 Thread 0x0000025198658800 DEOPT UNPACKING pc=0x000002518004a1af sp=0x0000009dd2cf6978 mode 2
Event: 21.394 Thread 0x0000025198658800 Uncommon trap: trap_request=0xffffffc6 fr.pc=0x0000025187f0805c relative=0x00000000000009bc
Event: 21.394 Thread 0x0000025198658800 Uncommon trap: reason=bimorphic_or_optimized_type_check action=maybe_recompile pc=0x0000025187f0805c method=java.security.MessageDigest$Delegate.engineUpdate([BII)V @ 7 c2
Event: 21.394 Thread 0x0000025198658800 DEOPT PACKING pc=0x0000025187f0805c sp=0x0000009dd2cf7820
Event: 21.394 Thread 0x0000025198658800 DEOPT UNPACKING pc=0x000002518004a1af sp=0x0000009dd2cf77d8 mode 2
Event: 21.399 Thread 0x0000025198658800 Uncommon trap: trap_request=0xffffffc6 fr.pc=0x0000025187f0805c relative=0x00000000000009bc
Event: 21.399 Thread 0x0000025198658800 Uncommon trap: reason=bimorphic_or_optimized_type_check action=maybe_recompile pc=0x0000025187f0805c method=java.security.MessageDigest$Delegate.engineUpdate([BII)V @ 7 c2
Event: 21.399 Thread 0x0000025198658800 DEOPT PACKING pc=0x0000025187f0805c sp=0x0000009dd2cf7330
Event: 21.399 Thread 0x0000025198658800 DEOPT UNPACKING pc=0x000002518004a1af sp=0x0000009dd2cf72e8 mode 2
Event: 21.412 Thread 0x0000025198658800 Uncommon trap: trap_request=0xffffffde fr.pc=0x0000025187f8c424 relative=0x0000000000000104
Event: 21.412 Thread 0x0000025198658800 Uncommon trap: reason=class_check action=maybe_recompile pc=0x0000025187f8c424 method=java.lang.reflect.Array.newInstance(Ljava/lang/Class;I)Ljava/lang/Object; @ 2 c2
Event: 21.412 Thread 0x0000025198658800 DEOPT PACKING pc=0x0000025187f8c424 sp=0x0000009dd2cf9040
Event: 21.412 Thread 0x0000025198658800 DEOPT UNPACKING pc=0x000002518004a1af sp=0x0000009dd2cf8fd8 mode 2
Event: 21.586 Thread 0x00000251984ed000 Uncommon trap: trap_request=0xffffffde fr.pc=0x0000025187f8c424 relative=0x0000000000000104
Event: 21.586 Thread 0x00000251984ed000 Uncommon trap: reason=class_check action=maybe_recompile pc=0x0000025187f8c424 method=java.lang.reflect.Array.newInstance(Ljava/lang/Class;I)Ljava/lang/Object; @ 2 c2
Event: 21.586 Thread 0x00000251984ed000 DEOPT PACKING pc=0x0000025187f8c424 sp=0x0000009dd4bfb440
Event: 21.586 Thread 0x00000251984ed000 DEOPT UNPACKING pc=0x000002518004a1af sp=0x0000009dd4bfb3d8 mode 2

Classes redefined (0 events):
No events

Internal exceptions (20 events):
Event: 21.376 Thread 0x0000025198658800 Exception <a 'java/lang/NoSuchMethodError'{0x000000008ba15b40}: 'java.lang.Object java.lang.invoke.DirectMethodHandle$Holder.invokeStatic(java.lang.Object, java.lang.Object, java.lang.Object, java.lang.Object, java.lang.Object, java.lang.Object, java.lang.Object, java.lang.Object, int)'> (0x000000008ba15b40) thrown at [./src/hotspot/share/interpreter/linkResolver.cpp, line 773]
Event: 21.378 Thread 0x0000025198658800 Exception <a 'java/lang/NoSuchMethodError'{0x000000008ba30de0}: 'java.lang.Object java.lang.invoke.DirectMethodHandle$Holder.invokeStatic(java.lang.Object, java.lang.Object, java.lang.Object, java.lang.Object, java.lang.Object, java.lang.Object, java.lang.Object, java.lang.Object, int, int)'> (0x000000008ba30de0) thrown at [./src/hotspot/share/interpreter/linkResolver.cpp, line 773]
Event: 21.380 Thread 0x0000025198658800 Exception <a 'java/lang/NoSuchMethodError'{0x000000008ba4d528}: 'java.lang.Object java.lang.invoke.DirectMethodHandle$Holder.invokeStatic(java.lang.Object, java.lang.Object, java.lang.Object, java.lang.Object, java.lang.Object, java.lang.Object, java.lang.Object, java.lang.Object, int, int, java.lang.Object)'> (0x000000008ba4d528) thrown at [./src/hotspot/share/interpreter/linkResolver.cpp, line 773]
Event: 21.382 Thread 0x0000025198658800 Exception <a 'java/lang/NoSuchMethodError'{0x000000008ba6a7f8}: 'java.lang.Object java.lang.invoke.DirectMethodHandle$Holder.invokeStatic(java.lang.Object, java.lang.Object, java.lang.Object, java.lang.Object, java.lang.Object, java.lang.Object, java.lang.Object, java.lang.Object, int, int, java.lang.Object, java.lang.Object)'> (0x000000008ba6a7f8) thrown at [./src/hotspot/share/interpreter/linkResolver.cpp, line 773]
Event: 21.394 Thread 0x0000025198658800 Exception <a 'java/lang/NoSuchMethodError'{0x000000008ba9d428}: <clinit>> (0x000000008ba9d428) thrown at [./src/hotspot/share/prims/jni.cpp, line 1367]
Event: 21.399 Thread 0x0000025198658800 Exception <a 'java/lang/NoSuchMethodError'{0x000000008bae29a8}: <clinit>> (0x000000008bae29a8) thrown at [./src/hotspot/share/prims/jni.cpp, line 1367]
Event: 21.413 Thread 0x00000251984ea000 Exception <a 'java/lang/InterruptedException'{0x000000008bafeed8}> (0x000000008bafeed8) thrown at [./src/hotspot/share/runtime/objectMonitor.cpp, line 1635]
Event: 21.414 Thread 0x00000251984ea000 Exception <a 'java/lang/NoSuchMethodError'{0x000000008b907190}: 'java.lang.Object java.lang.invoke.DirectMethodHandle$Holder.invokeStatic(java.lang.Object, java.lang.Object, int, java.lang.Object, long)'> (0x000000008b907190) thrown at [./src/hotspot/share/interpreter/linkResolver.cpp, line 773]
Event: 21.435 Thread 0x0000025198658800 Exception <a 'java/lang/NoSuchMethodError'{0x000000008b9333c8}: <clinit>> (0x000000008b9333c8) thrown at [./src/hotspot/share/prims/jni.cpp, line 1367]
Event: 21.436 Thread 0x0000025198658800 Exception <a 'java/lang/NoSuchMethodError'{0x000000008b945378}: <clinit>> (0x000000008b945378) thrown at [./src/hotspot/share/prims/jni.cpp, line 1367]
Event: 21.437 Thread 0x0000025198658800 Exception <a 'java/lang/NoSuchMethodError'{0x000000008b957670}: <clinit>> (0x000000008b957670) thrown at [./src/hotspot/share/prims/jni.cpp, line 1367]
Event: 21.448 Thread 0x0000025198658800 Exception <a 'java/lang/NoSuchMethodError'{0x000000008b9850b0}: <clinit>> (0x000000008b9850b0) thrown at [./src/hotspot/share/prims/jni.cpp, line 1367]
Event: 21.481 Thread 0x0000025198658800 Exception <a 'java/lang/NoSuchMethodError'{0x000000008b86b468}: <clinit>> (0x000000008b86b468) thrown at [./src/hotspot/share/prims/jni.cpp, line 1367]
Event: 21.488 Thread 0x0000025198658800 Exception <a 'java/lang/NoSuchMethodError'{0x000000008b8ad670}: <clinit>> (0x000000008b8ad670) thrown at [./src/hotspot/share/prims/jni.cpp, line 1367]
Event: 21.492 Thread 0x0000025198658800 Exception <a 'java/lang/NoSuchMethodError'{0x000000008b8e32b0}: <clinit>> (0x000000008b8e32b0) thrown at [./src/hotspot/share/prims/jni.cpp, line 1367]
Event: 21.492 Thread 0x0000025198658800 Exception <a 'java/lang/NoSuchMethodError'{0x000000008b8ea1e8}: <clinit>> (0x000000008b8ea1e8) thrown at [./src/hotspot/share/prims/jni.cpp, line 1367]
Event: 21.493 Thread 0x0000025198658800 Exception <a 'java/lang/NoSuchMethodError'{0x000000008b8f13e0}: <clinit>> (0x000000008b8f13e0) thrown at [./src/hotspot/share/prims/jni.cpp, line 1367]
Event: 21.574 Thread 0x00000251984ed000 Exception <a 'java/lang/NoSuchMethodError'{0x000000008b7f49c0}: 'java.lang.Object java.lang.invoke.DirectMethodHandle$Holder.invokeStatic(java.lang.Object, java.lang.Object, java.lang.Object, java.lang.Object, java.lang.Object, java.lang.Object, java.lang.Object, java.lang.Object, java.lang.Object, java.lang.Object, java.lang.Object, java.lang.Object, java.lang.Object, int)'> (0x000000008b7f49c0) thrown at [./src/hotspot/share/interpreter/linkResolver.cpp, line 773]
Event: 21.576 Thread 0x00000251984ed000 Exception <a 'java/lang/NoSuchMethodError'{0x000000008b601d48}: 'java.lang.Object java.lang.invoke.DirectMethodHandle$Holder.invokeStatic(java.lang.Object, java.lang.Object, java.lang.Object, java.lang.Object, java.lang.Object, java.lang.Object, java.lang.Object, java.lang.Object, java.lang.Object, java.lang.Object, java.lang.Object, java.lang.Object, java.lang.Object, int, int)'> (0x000000008b601d48) thrown at [./src/hotspot/share/interpreter/linkResolver.cpp, line 773]
Event: 21.579 Thread 0x00000251984ed000 Exception <a 'java/lang/NoSuchMethodError'{0x000000008b61b940}: 'java.lang.Object java.lang.invoke.DelegatingMethodHandle$Holder.reinvoke_L(java.lang.Object, int, java.lang.Object)'> (0x000000008b61b940) thrown at [./src/hotspot/share/interpreter/linkResolver.cpp, line 773]

Events (20 events):
Event: 21.577 loading class java/lang/invoke/BoundMethodHandle$Species_LLLLLLLLLLIIL done
Event: 21.577 Thread 0x00000251970a9000 Thread added: 0x00000251970a9000
Event: 21.578 Executing VM operation: RevokeBias
Event: 21.579 Executing VM operation: RevokeBias done
Event: 21.579 Executing VM operation: RevokeBias
Event: 21.580 Executing VM operation: RevokeBias done
Event: 21.580 Executing VM operation: RevokeBias
Event: 21.580 Executing VM operation: RevokeBias done
Event: 21.581 Executing VM operation: RevokeBias
Event: 21.581 Executing VM operation: RevokeBias done
Event: 21.583 Executing VM operation: RevokeBias
Event: 21.583 Executing VM operation: RevokeBias done
Event: 21.584 loading class sun/rmi/transport/Transport$1
Event: 21.584 loading class sun/rmi/transport/Transport$1 done
Event: 21.586 loading class sun/rmi/transport/DGCImpl$LeaseInfo
Event: 21.586 loading class sun/rmi/transport/DGCImpl$LeaseInfo done
Event: 21.586 loading class sun/rmi/transport/DGCImpl$1
Event: 21.586 loading class sun/rmi/transport/DGCImpl$1 done
Event: 21.587 loading class sun/rmi/transport/SequenceEntry
Event: 21.587 loading class sun/rmi/transport/SequenceEntry done


Dynamic libraries:
0x00007ff681970000 - 0x00007ff68197d000 	C:\Program Files\Microsoft\jdk-11.0.18.10-hotspot\bin\java.exe
0x00007fffd8970000 - 0x00007fffd8b84000 	C:\WINDOWS\SYSTEM32\ntdll.dll
0x00007fffd7160000 - 0x00007fffd7222000 	C:\WINDOWS\System32\KERNEL32.DLL
0x00007fffd6050000 - 0x00007fffd63f3000 	C:\WINDOWS\System32\KERNELBASE.dll
0x00007fffd5f30000 - 0x00007fffd6041000 	C:\WINDOWS\System32\ucrtbase.dll
0x00007fffb0a10000 - 0x00007fffb0a25000 	C:\Program Files\Microsoft\jdk-11.0.18.10-hotspot\bin\VCRUNTIME140.dll
0x00007fffb0840000 - 0x00007fffb0857000 	C:\Program Files\Microsoft\jdk-11.0.18.10-hotspot\bin\jli.dll
0x00007fffd8650000 - 0x00007fffd87fb000 	C:\WINDOWS\System32\USER32.dll
0x00007fffc33b0000 - 0x00007fffc363e000 	C:\WINDOWS\WinSxS\amd64_microsoft.windows.common-controls_6595b64144ccf1df_6.0.22621.1635_none_270f70857386168e\COMCTL32.dll
0x00007fffd5f00000 - 0x00007fffd5f26000 	C:\WINDOWS\System32\win32u.dll
0x00007fffd8520000 - 0x00007fffd85c7000 	C:\WINDOWS\System32\msvcrt.dll
0x00007fffd8400000 - 0x00007fffd8429000 	C:\WINDOWS\System32\GDI32.dll
0x00007fffd5d70000 - 0x00007fffd5e89000 	C:\WINDOWS\System32\gdi32full.dll
0x00007fffd6400000 - 0x00007fffd649a000 	C:\WINDOWS\System32\msvcp_win.dll
0x00007fffd6d00000 - 0x00007fffd6d31000 	C:\WINDOWS\System32\IMM32.DLL
0x00007fff9ac20000 - 0x00007fff9acbb000 	C:\Program Files\Microsoft\jdk-11.0.18.10-hotspot\bin\msvcp140.dll
0x00007fff89e00000 - 0x00007fff8a992000 	C:\Program Files\Microsoft\jdk-11.0.18.10-hotspot\bin\server\jvm.dll
0x00007fffd7c90000 - 0x00007fffd7d3e000 	C:\WINDOWS\System32\ADVAPI32.dll
0x00007fffd8350000 - 0x00007fffd83f4000 	C:\WINDOWS\System32\sechost.dll
0x00007fffd6d40000 - 0x00007fffd6e57000 	C:\WINDOWS\System32\RPCRT4.dll
0x00007fffd6c50000 - 0x00007fffd6c58000 	C:\WINDOWS\System32\PSAPI.DLL
0x00007fffd16d0000 - 0x00007fffd16d9000 	C:\WINDOWS\SYSTEM32\WSOCK32.dll
0x00007fffcea40000 - 0x00007fffcea4a000 	C:\WINDOWS\SYSTEM32\VERSION.dll
0x00007fffd6c60000 - 0x00007fffd6cd1000 	C:\WINDOWS\System32\WS2_32.dll
0x00007fffce8f0000 - 0x00007fffce924000 	C:\WINDOWS\SYSTEM32\WINMM.dll
0x00007fffd4dc0000 - 0x00007fffd4dd8000 	C:\WINDOWS\SYSTEM32\kernel.appcore.dll
0x00007fffbfda0000 - 0x00007fffbfdb0000 	C:\Program Files\Microsoft\jdk-11.0.18.10-hotspot\bin\verify.dll
0x00007fffd37f0000 - 0x00007fffd3a1e000 	C:\WINDOWS\SYSTEM32\DBGHELP.DLL
0x00007fffd7db0000 - 0x00007fffd8139000 	C:\WINDOWS\System32\combase.dll
0x00007fffd7080000 - 0x00007fffd7157000 	C:\WINDOWS\System32\OLEAUT32.dll
0x00007fffc2670000 - 0x00007fffc26a2000 	C:\WINDOWS\SYSTEM32\dbgcore.DLL
0x00007fffd6560000 - 0x00007fffd65db000 	C:\WINDOWS\System32\bcryptPrimitives.dll
0x00007fffafcd0000 - 0x00007fffafcf8000 	C:\Program Files\Microsoft\jdk-11.0.18.10-hotspot\bin\java.dll
0x00007fffbf4e0000 - 0x00007fffbf4ea000 	C:\Program Files\Microsoft\jdk-11.0.18.10-hotspot\bin\jimage.dll
0x00007fffb05e0000 - 0x00007fffb05f8000 	C:\Program Files\Microsoft\jdk-11.0.18.10-hotspot\bin\zip.dll
0x00007fffd7230000 - 0x00007fffd7a2a000 	C:\WINDOWS\System32\SHELL32.dll
0x00007fffd3d70000 - 0x00007fffd463e000 	C:\WINDOWS\SYSTEM32\windows.storage.dll
0x00007fffd3c30000 - 0x00007fffd3d6e000 	C:\WINDOWS\SYSTEM32\wintypes.dll
0x00007fffd8140000 - 0x00007fffd8231000 	C:\WINDOWS\System32\SHCORE.dll
0x00007fffd85d0000 - 0x00007fffd862e000 	C:\WINDOWS\System32\shlwapi.dll
0x00007fffd5ca0000 - 0x00007fffd5cc1000 	C:\WINDOWS\SYSTEM32\profapi.dll
0x00007fffaf890000 - 0x00007fffaf8a9000 	C:\Program Files\Microsoft\jdk-11.0.18.10-hotspot\bin\net.dll
0x00007fffcfd40000 - 0x00007fffcfe77000 	C:\WINDOWS\SYSTEM32\WINHTTP.dll
0x00007fffd5230000 - 0x00007fffd5299000 	C:\WINDOWS\system32\mswsock.dll
0x00007fffaeca0000 - 0x00007fffaecb3000 	C:\Program Files\Microsoft\jdk-11.0.18.10-hotspot\bin\nio.dll
0x00007fffad030000 - 0x00007fffad057000 	C:\Users\hriti\.gradle\native\e1d6ef7f7dcc3fd88c89a11ec53ec762bb8ba0a96d01ffa2cd45eb1d1d8dd5c5\windows-amd64\native-platform.dll
0x00007fff91290000 - 0x00007fff913d4000 	C:\Users\hriti\.gradle\native\5664cfc778a61ccfe75a443a1ab52a65af34e5dc3c78e0209fed803814484fcb\windows-amd64\native-platform-file-events.dll
0x00007fffbed60000 - 0x00007fffbed69000 	C:\Program Files\Microsoft\jdk-11.0.18.10-hotspot\bin\management.dll
0x00007fffbec90000 - 0x00007fffbec9b000 	C:\Program Files\Microsoft\jdk-11.0.18.10-hotspot\bin\management_ext.dll
0x00007fffd54a0000 - 0x00007fffd54bb000 	C:\WINDOWS\SYSTEM32\CRYPTSP.dll
0x00007fffd4d30000 - 0x00007fffd4d65000 	C:\WINDOWS\system32\rsaenh.dll
0x00007fffd5330000 - 0x00007fffd5358000 	C:\WINDOWS\SYSTEM32\USERENV.dll
0x00007fffd5630000 - 0x00007fffd5658000 	C:\WINDOWS\SYSTEM32\bcrypt.dll
0x00007fffd5490000 - 0x00007fffd549c000 	C:\WINDOWS\SYSTEM32\CRYPTBASE.dll
0x00007fffd48a0000 - 0x00007fffd48cd000 	C:\WINDOWS\SYSTEM32\IPHLPAPI.DLL
0x00007fffd8240000 - 0x00007fffd8249000 	C:\WINDOWS\System32\NSI.dll
0x00007fffcf870000 - 0x00007fffcf889000 	C:\WINDOWS\SYSTEM32\dhcpcsvc6.DLL
0x00007fffcf780000 - 0x00007fffcf79f000 	C:\WINDOWS\SYSTEM32\dhcpcsvc.DLL
0x00007fffd4910000 - 0x00007fffd4a03000 	C:\WINDOWS\SYSTEM32\DNSAPI.dll
0x00007fffadb20000 - 0x00007fffadb3e000 	C:\Users\hriti\AppData\Local\Temp\native-platform15730392214300783977dir\native-platform.dll
0x00007fffbe020000 - 0x00007fffbe027000 	C:\Program Files\Microsoft\jdk-11.0.18.10-hotspot\bin\rmi.dll

dbghelp: loaded successfully - version: 4.0.5 - missing functions: none
symbol engine: initialized successfully - sym options: 0x614 - pdb path: .;C:\Program Files\Microsoft\jdk-11.0.18.10-hotspot\bin;C:\WINDOWS\SYSTEM32;C:\WINDOWS\WinSxS\amd64_microsoft.windows.common-controls_6595b64144ccf1df_6.0.22621.1635_none_270f70857386168e;C:\Program Files\Microsoft\jdk-11.0.18.10-hotspot\bin\server;C:\Users\hriti\.gradle\native\e1d6ef7f7dcc3fd88c89a11ec53ec762bb8ba0a96d01ffa2cd45eb1d1d8dd5c5\windows-amd64;C:\Users\hriti\.gradle\native\5664cfc778a61ccfe75a443a1ab52a65af34e5dc3c78e0209fed803814484fcb\windows-amd64;C:\Users\hriti\AppData\Local\Temp\native-platform15730392214300783977dir

VM Arguments:
jvm_args: -XX:MaxMetaspaceSize=512m --add-opens=java.base/java.util=ALL-UNNAMED --add-opens=java.base/java.lang=ALL-UNNAMED --add-opens=java.base/java.lang.invoke=ALL-UNNAMED --add-opens=java.base/java.util=ALL-UNNAMED --add-opens=java.prefs/java.util.prefs=ALL-UNNAMED --add-opens=java.prefs/java.util.prefs=ALL-UNNAMED --add-opens=java.base/java.nio.charset=ALL-UNNAMED --add-opens=java.base/java.net=ALL-UNNAMED --add-opens=java.base/java.util.concurrent.atomic=ALL-UNNAMED -Xmx2048m -Dfile.encoding=windows-1252 -Duser.country=US -Duser.language=en -Duser.variant 
java_command: org.gradle.launcher.daemon.bootstrap.GradleDaemon 7.3.3
java_class_path (initial): C:\Users\hriti\.gradle\wrapper\dists\gradle-7.3.3-all\4295vidhdd9hd3gbjyw1xqxpo\gradle-7.3.3\lib\gradle-launcher-7.3.3.jar
Launcher Type: SUN_STANDARD

[Global flags]
     intx CICompilerCount                          = 12                                        {product} {ergonomic}
   size_t CompressedClassSpaceSize                 = 528482304                                 {product} {ergonomic}
     uint ConcGCThreads                            = 3                                         {product} {ergonomic}
     uint G1ConcRefinementThreads                  = 13                                        {product} {ergonomic}
   size_t G1HeapRegionSize                         = 1048576                                   {product} {ergonomic}
    uintx GCDrainStackTargetSize                   = 64                                        {product} {ergonomic}
   size_t InitialHeapSize                          = 232783872                                 {product} {ergonomic}
   size_t MarkStackSize                            = 4194304                                   {product} {ergonomic}
   size_t MaxHeapSize                              = 2147483648                                {product} {command line}
   size_t MaxMetaspaceSize                         = 536870912                                 {product} {command line}
   size_t MaxNewSize                               = 1287651328                                {product} {ergonomic}
   size_t MinHeapDeltaBytes                        = 1048576                                   {product} {ergonomic}
    uintx NonNMethodCodeHeapSize                   = 7594288                                {pd product} {ergonomic}
    uintx NonProfiledCodeHeapSize                  = 122031976                              {pd product} {ergonomic}
    uintx ProfiledCodeHeapSize                     = 122031976                              {pd product} {ergonomic}
    uintx ReservedCodeCacheSize                    = 251658240                              {pd product} {ergonomic}
     bool SegmentedCodeCache                       = true                                      {product} {ergonomic}
     bool UseCompressedClassPointers               = true                                 {lp64_product} {ergonomic}
     bool UseCompressedOops                        = true                                 {lp64_product} {ergonomic}
     bool UseG1GC                                  = true                                      {product} {ergonomic}
     bool UseLargePagesIndividualAllocation        = false                                  {pd product} {ergonomic}

Logging:
Log output configuration:
 #0: stdout all=warning uptime,level,tags
 #1: stderr all=off uptime,level,tags

Environment Variables:
JAVA_HOME=C:\Program Files\Microsoft\jdk-11.0.18.10-hotspot\
CLASSPATH=D:\Travel-App\android\\gradle\wrapper\gradle-wrapper.jar
PATH=D:\Travel-App\android\node_modules\.bin;D:\Travel-App\node_modules\.bin;D:\node_modules\.bin;C:\Program Files\nodejs;D:\Travel-App\node_modules\.bin;D:\node_modules\.bin;C:\Program Files\nodejs\node_modules\npm\node_modules\@npmcli\run-script\lib\node-gyp-bin;C:\Program Files\Microsoft\jdk-11.0.18.10-hotspot\bin;C:\Program Files\Common Files\Oracle\Java\javapath;C:\Windows\system32;C:\Windows;C:\Windows\System32\Wbem;C:\Windows\System32\WindowsPowerShell\v1.0\;C:\Windows\System32\OpenSSH\;C:\Program Files (x86)\NVIDIA Corporation\PhysX\Common;C:\Program Files\NVIDIA Corporation\NVIDIA NvDLISR;C:\Program Files\Git\cmd;C:\WINDOWS\system32;C:\WINDOWS;C:\WINDOWS\System32\Wbem;C:\WINDOWS\System32\WindowsPowerShell\v1.0\;C:\WINDOWS\System32\OpenSSH\;C:\ProgramData\chocolatey\bin;C:\Program Files\nodejs\;C:\Users\hriti\AppData\Local\Android\Sdk\platform-tools;C:\Users\hriti\AppData\Local\Programs\Python\Python311\Scripts\;C:\Users\hriti\AppData\Local\Programs\Python\Python311\;C:\Users\hriti\AppData\Local\Microsoft\WindowsApps;C:\Users\hriti\AppData\Local\Programs\Microsoft VS Code\bin;C:\Users\hriti\mongosh-1.10.1-win32-x64\mongosh-1.10.1-win32-x64\bin\mongosh.exe;C:\Users\hriti\AppData\Roaming\npm
USERNAME=hritik
OS=Windows_NT
PROCESSOR_IDENTIFIER=AMD64 Family 25 Model 80 Stepping 0, AuthenticAMD
TMP=C:\Users\hriti\AppData\Local\Temp
TEMP=C:\Users\hriti\AppData\Local\Temp



---------------  S Y S T E M  ---------------

OS: Windows 11 , 64 bit Build 22621 (10.0.22621.1778)
OS uptime: 2 days 23:47 hours

CPU:total 16 (initial active 16) (16 cores per cpu, 2 threads per core) family 25 model 80 stepping 0 microcode 0x0, cmov, cx8, fxsr, mmx, sse, sse2, sse3, ssse3, sse4.1, sse4.2, popcnt, avx, avx2, aes, clmul, erms, mmxext, 3dnowpref, lzcnt, sse4a, ht, tsc, tscinvbit, tscinv, bmi1, bmi2, adx, sha, fma

Memory: 4k page, system-wide physical 14188M (2383M free)
TotalPageFile size 16236M (AvailPageFile size 0M)
current process WorkingSet (physical memory assigned to process): 399M, peak: 416M
current process commit charge ("private bytes"): 499M, peak: 514M

vm_info: OpenJDK 64-Bit Server VM (11.0.18+10-LTS) for windows-amd64 JRE (11.0.18+10-LTS), built on Jan 18 2023 15:56:47 by "MicrosoftCorporation" with MS VC++ 15.9 (VS2017)

END.
